#
# There is insufficient memory for the Java Runtime Environment to continue.
# Native memory allocation (malloc) failed to allocate 2103712 bytes for Chunk::new
# Possible reasons:
#   The system is out of physical RAM or swap space
#   The process is running with CompressedOops enabled, and the Java Heap may be blocking the growth of the native heap
# Possible solutions:
#   Reduce memory load on the system
#   Increase physical memory or swap space
#   Check if swap backing store is full
#   Decrease Java heap size (-Xmx/-Xms)
#   Decrease number of Java threads
#   Decrease Java thread stack sizes (-Xss)
#   Set larger code cache with -XX:ReservedCodeCacheSize=
#   JVM is running with Unscaled Compressed Oops mode in which the Java heap is
#     placed in the first 4GB address space. The Java Heap base address is the
#     maximum limit for the native heap growth. Please use -XX:HeapBaseMinAddress
#     to set the Java Heap base and to place the Java Heap above 4GB virtual address.
# This output file may be truncated or incomplete.
#
#  Out of Memory Error (./open/src/hotspot/share/memory/arena.cpp:195), pid=2780, tid=2980
#
# JRE version: OpenJDK Runtime Environment (15.0+36) (build 15+36-1562)
# Java VM: OpenJDK 64-Bit Server VM (15+36-1562, mixed mode, tiered, compressed oops, g1 gc, windows-amd64)
# No core dump will be written. Minidumps are not enabled by default on client versions of Windows
#

---------------  S U M M A R Y ------------

Command Line: -Dfile.encoding=UTF-8 -XX:+ShowCodeDetailsInExceptionMessages com.sap.SapEcommerceProjectApplication

Host: Intel(R) Core(TM) i5-4210U CPU @ 1.70GHz, 4 cores, 3G,  Windows 10 , 64 bit Build 19041 (10.0.19041.546)
Time: Wed Dec  9 13:16:27 2020 FLE Standard Time elapsed time: 117.257897 seconds (0d 0h 1m 57s)

---------------  T H R E A D  ---------------

Current thread (0x00000238d7862df0):  JavaThread "C2 CompilerThread0" daemon [_thread_in_native, id=2980, stack(0x000000892de00000,0x000000892df00000)]


Current CompileTask:
C2: 117258 5349       4       org.springframework.core.ResolvableType::forType (115 bytes)

Stack: [0x000000892de00000,0x000000892df00000]
Native frames: (J=compiled Java code, j=interpreted, Vv=VM code, C=native code)
V  [jvm.dll+0x629eaa]
V  [jvm.dll+0x780379]
V  [jvm.dll+0x781ad3]
V  [jvm.dll+0x782133]
V  [jvm.dll+0x2159d5]
V  [jvm.dll+0x9794a]
V  [jvm.dll+0x9802c]
V  [jvm.dll+0x32dc35]
V  [jvm.dll+0x2f6ffa]
V  [jvm.dll+0x2f63ba]
V  [jvm.dll+0x1e9dd5]
V  [jvm.dll+0x1e903e]
V  [jvm.dll+0x177f17]
V  [jvm.dll+0x1f88f5]
V  [jvm.dll+0x1f699c]
V  [jvm.dll+0x74384d]
V  [jvm.dll+0x73c64a]
V  [jvm.dll+0x628d16]
C  [ucrtbase.dll+0x214c2]
C  [KERNEL32.DLL+0x17034]
C  [ntdll.dll+0x4cec1]


---------------  P R O C E S S  ---------------

Threads class SMR info:
_java_thread_list=0x00000238db129bd0, length=18, elements={
0x00000238c0412240, 0x00000238d7840140, 0x00000238d7840820, 0x00000238d786c2c0,
0x00000238d786c790, 0x00000238d786cd50, 0x00000238d7862df0, 0x00000238d7863300,
0x00000238d7863810, 0x00000238d82f4400, 0x00000238d83190e0, 0x00000238d8bee000,
0x00000238d91f3660, 0x00000238d9592550, 0x00000238d958fa00, 0x00000238d95903a0,
0x00000238d9590870, 0x00000238dcfe3320
}

Java Threads: ( => current thread )
  0x00000238c0412240 JavaThread "main" [_thread_blocked, id=10096, stack(0x000000892d200000,0x000000892d300000)]
  0x00000238d7840140 JavaThread "Reference Handler" daemon [_thread_blocked, id=5676, stack(0x000000892d900000,0x000000892da00000)]
  0x00000238d7840820 JavaThread "Finalizer" daemon [_thread_blocked, id=2252, stack(0x000000892da00000,0x000000892db00000)]
  0x00000238d786c2c0 JavaThread "Signal Dispatcher" daemon [_thread_blocked, id=4808, stack(0x000000892db00000,0x000000892dc00000)]
  0x00000238d786c790 JavaThread "Attach Listener" daemon [_thread_blocked, id=5236, stack(0x000000892dc00000,0x000000892dd00000)]
  0x00000238d786cd50 JavaThread "Service Thread" daemon [_thread_blocked, id=8944, stack(0x000000892dd00000,0x000000892de00000)]
=>0x00000238d7862df0 JavaThread "C2 CompilerThread0" daemon [_thread_in_native, id=2980, stack(0x000000892de00000,0x000000892df00000)]
  0x00000238d7863300 JavaThread "C1 CompilerThread0" daemon [_thread_blocked, id=3888, stack(0x000000892df00000,0x000000892e000000)]
  0x00000238d7863810 JavaThread "Sweeper thread" daemon [_thread_blocked, id=9704, stack(0x000000892e000000,0x000000892e100000)]
  0x00000238d82f4400 JavaThread "Notification Thread" daemon [_thread_blocked, id=4472, stack(0x000000892e100000,0x000000892e200000)]
  0x00000238d83190e0 JavaThread "Common-Cleaner" daemon [_thread_blocked, id=2840, stack(0x000000892e300000,0x000000892e400000)]
  0x00000238d8bee000 JavaThread "Thread-0" [_thread_blocked, id=11212, stack(0x000000892e400000,0x000000892e500000)]
  0x00000238d91f3660 JavaThread "restartedMain" [_thread_in_vm, id=11580, stack(0x000000892e700000,0x000000892e800000)]
  0x00000238d9592550 JavaThread "HikariPool-1 housekeeper" daemon [_thread_blocked, id=8792, stack(0x000000892eb00000,0x000000892ec00000)]
  0x00000238d958fa00 JavaThread "Catalina-utility-1" [_thread_blocked, id=6592, stack(0x000000892ed00000,0x000000892ee00000)]
  0x00000238d95903a0 JavaThread "Catalina-utility-2" [_thread_blocked, id=9136, stack(0x000000892ee00000,0x000000892ef00000)]
  0x00000238d9590870 JavaThread "container-0" [_thread_blocked, id=9032, stack(0x000000892ef00000,0x000000892f000000)]
  0x00000238dcfe3320 JavaThread "task-1" [_thread_in_native, id=7568, stack(0x000000892cf00000,0x000000892d000000)]

Other Threads:
  0x00000238d780b280 VMThread "VM Thread" [stack: 0x000000892d800000,0x000000892d900000] [id=3836]
  0x00000238d828d920 WatcherThread [stack: 0x000000892e200000,0x000000892e300000] [id=6484]
  0x00000238c04417d0 GCTaskThread "GC Thread#0" [stack: 0x000000892d300000,0x000000892d400000] [id=948]
  0x00000238d82e7b40 GCTaskThread "GC Thread#1" [stack: 0x000000892e500000,0x000000892e600000] [id=7164]
  0x00000238d82e6b50 GCTaskThread "GC Thread#2" [stack: 0x000000892e800000,0x000000892e900000] [id=2760]
  0x00000238d82e5830 GCTaskThread "GC Thread#3" [stack: 0x000000892e900000,0x000000892ea00000] [id=8212]
  0x00000238c044aec0 ConcurrentGCThread "G1 Main Marker" [stack: 0x000000892d400000,0x000000892d500000] [id=9568]
  0x00000238c044bb30 ConcurrentGCThread "G1 Conc#0" [stack: 0x000000892d500000,0x000000892d600000] [id=10016]
  0x00000238c0490cb0 ConcurrentGCThread "G1 Refine#0" [stack: 0x000000892d600000,0x000000892d700000] [id=6424]
  0x00000238d8a54540 ConcurrentGCThread "G1 Refine#1" [stack: 0x000000892e600000,0x000000892e700000] [id=7636]
  0x00000238c04948e0 ConcurrentGCThread "G1 Young RemSet Sampling" [stack: 0x000000892d700000,0x000000892d800000] [id=8772]

Threads with active compile tasks:
C2 CompilerThread0   119956 5349       4       org.springframework.core.ResolvableType::forType (115 bytes)

VM state: not at safepoint (normal execution)

VM Mutex/Monitor currently owned by a thread: None

Heap address: 0x00000000c1c00000, size: 996 MB, Compressed Oops mode: 32-bit
CDS disabled.
Compressed class space mapped at: 0x0000000100000000-0x0000000140000000, size: 1073741824
Narrow klass base: 0x0000000000000000, Narrow klass shift: 3, Narrow klass range: 0x140000000

GC Precious Log:
 CPUs: 4 total, 4 available
 Memory: 3979M
 Large Page Support: Disabled
 NUMA Support: Disabled
 Compressed Oops: Enabled (32-bit)
 Heap Region Size: 1M
 Heap Min Capacity: 8M
 Heap Initial Capacity: 64M
 Heap Max Capacity: 996M
 Pre-touch: Disabled
 Parallel Workers: 4
 Concurrent Workers: 1
 Concurrent Refinement Workers: 4
 Periodic GC: Disabled

Heap:
 garbage-first heap   total 54272K, used 28597K [0x00000000c1c00000, 0x0000000100000000)
  region size 1024K, 7 young (7168K), 3 survivors (3072K)
 Metaspace       used 63675K, capacity 64195K, committed 64380K, reserved 1105920K
  class space    used 7814K, capacity 7975K, committed 8060K, reserved 1048576K

Heap Regions: E=young(eden), S=young(survivor), O=old, HS=humongous(starts), HC=humongous(continues), CS=collection set, F=free, OA=open archive, CA=closed archive, TAMS=top-at-mark-start (previous, next)
|   0|0x00000000c1c00000, 0x00000000c1d00000, 0x00000000c1d00000|100%|HS|  |TAMS 0x00000000c1d00000, 0x00000000c1c00000| Complete 
|   1|0x00000000c1d00000, 0x00000000c1e00000, 0x00000000c1e00000|100%| O|  |TAMS 0x00000000c1e00000, 0x00000000c1d00000| Untracked 
|   2|0x00000000c1e00000, 0x00000000c1f00000, 0x00000000c1f00000|100%| O|  |TAMS 0x00000000c1f00000, 0x00000000c1e00000| Untracked 
|   3|0x00000000c1f00000, 0x00000000c2000000, 0x00000000c2000000|100%| O|  |TAMS 0x00000000c2000000, 0x00000000c1f00000| Untracked 
|   4|0x00000000c2000000, 0x00000000c2100000, 0x00000000c2100000|100%| O|  |TAMS 0x00000000c2100000, 0x00000000c2000000| Untracked 
|   5|0x00000000c2100000, 0x00000000c2200000, 0x00000000c2200000|100%| O|  |TAMS 0x00000000c2200000, 0x00000000c2100000| Untracked 
|   6|0x00000000c2200000, 0x00000000c2224800, 0x00000000c2300000| 14%| O|  |TAMS 0x00000000c2224800, 0x00000000c2200000| Untracked 
|   7|0x00000000c2300000, 0x00000000c2400000, 0x00000000c2400000|100%| O|  |TAMS 0x00000000c2400000, 0x00000000c2300000| Untracked 
|   8|0x00000000c2400000, 0x00000000c2500000, 0x00000000c2500000|100%| O|  |TAMS 0x00000000c2500000, 0x00000000c2400000| Untracked 
|   9|0x00000000c2500000, 0x00000000c2600000, 0x00000000c2600000|100%| O|  |TAMS 0x00000000c2600000, 0x00000000c2500000| Untracked 
|  10|0x00000000c2600000, 0x00000000c2700000, 0x00000000c2700000|100%| O|  |TAMS 0x00000000c2700000, 0x00000000c2600000| Untracked 
|  11|0x00000000c2700000, 0x00000000c2800000, 0x00000000c2800000|100%| O|  |TAMS 0x00000000c2800000, 0x00000000c2700000| Untracked 
|  12|0x00000000c2800000, 0x00000000c2900000, 0x00000000c2900000|100%| O|  |TAMS 0x00000000c2900000, 0x00000000c2800000| Untracked 
|  13|0x00000000c2900000, 0x00000000c2a00000, 0x00000000c2a00000|100%| O|  |TAMS 0x00000000c2a00000, 0x00000000c2900000| Untracked 
|  14|0x00000000c2a00000, 0x00000000c2b00000, 0x00000000c2b00000|100%| O|  |TAMS 0x00000000c2a96200, 0x00000000c2a00000| Untracked 
|  15|0x00000000c2b00000, 0x00000000c2c00000, 0x00000000c2c00000|100%| O|  |TAMS 0x00000000c2b00000, 0x00000000c2b00000| Untracked 
|  16|0x00000000c2c00000, 0x00000000c2d00000, 0x00000000c2d00000|100%| O|  |TAMS 0x00000000c2c00000, 0x00000000c2c00000| Untracked 
|  17|0x00000000c2d00000, 0x00000000c2e00000, 0x00000000c2e00000|100%| O|  |TAMS 0x00000000c2d00000, 0x00000000c2d00000| Untracked 
|  18|0x00000000c2e00000, 0x00000000c2f00000, 0x00000000c2f00000|100%| O|  |TAMS 0x00000000c2e00000, 0x00000000c2e00000| Untracked 
|  19|0x00000000c2f00000, 0x00000000c3000000, 0x00000000c3000000|100%| O|  |TAMS 0x00000000c2f00000, 0x00000000c2f00000| Untracked 
|  20|0x00000000c3000000, 0x00000000c3100000, 0x00000000c3100000|100%| O|  |TAMS 0x00000000c3000000, 0x00000000c3000000| Untracked 
|  21|0x00000000c3100000, 0x00000000c3200000, 0x00000000c3200000|100%| O|  |TAMS 0x00000000c3100000, 0x00000000c3100000| Untracked 
|  22|0x00000000c3200000, 0x00000000c32f1200, 0x00000000c3300000| 94%| O|  |TAMS 0x00000000c3200000, 0x00000000c3200000| Untracked 
|  23|0x00000000c3300000, 0x00000000c3300000, 0x00000000c3400000|  0%| F|  |TAMS 0x00000000c3300000, 0x00000000c3300000| Untracked 
|  24|0x00000000c3400000, 0x00000000c3400000, 0x00000000c3500000|  0%| F|  |TAMS 0x00000000c3400000, 0x00000000c3400000| Untracked 
|  25|0x00000000c3500000, 0x00000000c3500000, 0x00000000c3600000|  0%| F|  |TAMS 0x00000000c3500000, 0x00000000c3500000| Untracked 
|  26|0x00000000c3600000, 0x00000000c3600000, 0x00000000c3700000|  0%| F|  |TAMS 0x00000000c3600000, 0x00000000c3600000| Untracked 
|  27|0x00000000c3700000, 0x00000000c3700000, 0x00000000c3800000|  0%| F|  |TAMS 0x00000000c3700000, 0x00000000c3700000| Untracked 
|  28|0x00000000c3800000, 0x00000000c3800000, 0x00000000c3900000|  0%| F|  |TAMS 0x00000000c3800000, 0x00000000c3800000| Untracked 
|  29|0x00000000c3900000, 0x00000000c39d7b90, 0x00000000c3a00000| 84%| S|CS|TAMS 0x00000000c3900000, 0x00000000c3900000| Complete 
|  30|0x00000000c3a00000, 0x00000000c3b00000, 0x00000000c3b00000|100%| S|CS|TAMS 0x00000000c3a00000, 0x00000000c3a00000| Complete 
|  31|0x00000000c3b00000, 0x00000000c3b00000, 0x00000000c3c00000|  0%| F|  |TAMS 0x00000000c3b00000, 0x00000000c3b00000| Untracked 
|  32|0x00000000c3c00000, 0x00000000c3c00000, 0x00000000c3d00000|  0%| F|  |TAMS 0x00000000c3c00000, 0x00000000c3c00000| Untracked 
|  33|0x00000000c3d00000, 0x00000000c3e00000, 0x00000000c3e00000|100%| S|CS|TAMS 0x00000000c3d00000, 0x00000000c3d00000| Complete 
|  34|0x00000000c3e00000, 0x00000000c3e00000, 0x00000000c3f00000|  0%| F|  |TAMS 0x00000000c3e00000, 0x00000000c3e00000| Untracked 
|  35|0x00000000c3f00000, 0x00000000c3f00000, 0x00000000c4000000|  0%| F|  |TAMS 0x00000000c3f00000, 0x00000000c3f00000| Untracked 
|  36|0x00000000c4000000, 0x00000000c4000000, 0x00000000c4100000|  0%| F|  |TAMS 0x00000000c4000000, 0x00000000c4000000| Untracked 
|  37|0x00000000c4100000, 0x00000000c4100000, 0x00000000c4200000|  0%| F|  |TAMS 0x00000000c4100000, 0x00000000c4100000| Untracked 
|  38|0x00000000c4200000, 0x00000000c4200000, 0x00000000c4300000|  0%| F|  |TAMS 0x00000000c4200000, 0x00000000c4200000| Untracked 
|  39|0x00000000c4300000, 0x00000000c4300000, 0x00000000c4400000|  0%| F|  |TAMS 0x00000000c4300000, 0x00000000c4300000| Untracked 
|  40|0x00000000c4400000, 0x00000000c4400000, 0x00000000c4500000|  0%| F|  |TAMS 0x00000000c4400000, 0x00000000c4400000| Untracked 
|  41|0x00000000c4500000, 0x00000000c4500000, 0x00000000c4600000|  0%| F|  |TAMS 0x00000000c4500000, 0x00000000c4500000| Untracked 
|  42|0x00000000c4600000, 0x00000000c4600000, 0x00000000c4700000|  0%| F|  |TAMS 0x00000000c4600000, 0x00000000c4600000| Untracked 
|  43|0x00000000c4700000, 0x00000000c4700000, 0x00000000c4800000|  0%| F|  |TAMS 0x00000000c4700000, 0x00000000c4700000| Untracked 
|  44|0x00000000c4800000, 0x00000000c4800000, 0x00000000c4900000|  0%| F|  |TAMS 0x00000000c4800000, 0x00000000c4800000| Untracked 
|  45|0x00000000c4900000, 0x00000000c4900000, 0x00000000c4a00000|  0%| F|  |TAMS 0x00000000c4900000, 0x00000000c4900000| Untracked 
|  46|0x00000000c4a00000, 0x00000000c4a00000, 0x00000000c4b00000|  0%| F|  |TAMS 0x00000000c4a00000, 0x00000000c4a00000| Untracked 
|  47|0x00000000c4b00000, 0x00000000c4b00000, 0x00000000c4c00000|  0%| F|  |TAMS 0x00000000c4b00000, 0x00000000c4b00000| Untracked 
|  48|0x00000000c4c00000, 0x00000000c4c00000, 0x00000000c4d00000|  0%| F|  |TAMS 0x00000000c4c00000, 0x00000000c4c00000| Untracked 
|  49|0x00000000c4d00000, 0x00000000c4dcd890, 0x00000000c4e00000| 80%| E|  |TAMS 0x00000000c4d00000, 0x00000000c4d00000| Complete 
|  61|0x00000000c5900000, 0x00000000c5a00000, 0x00000000c5a00000|100%| E|CS|TAMS 0x00000000c5900000, 0x00000000c5900000| Complete 
|  62|0x00000000c5a00000, 0x00000000c5b00000, 0x00000000c5b00000|100%| E|CS|TAMS 0x00000000c5a00000, 0x00000000c5a00000| Complete 
|  63|0x00000000c5b00000, 0x00000000c5c00000, 0x00000000c5c00000|100%| E|CS|TAMS 0x00000000c5b00000, 0x00000000c5b00000| Complete 

Card table byte_map: [0x00000238d3020000,0x00000238d3220000] _byte_map_base: 0x00000238d2a12000

Marking Bits (Prev, Next): (CMBitMap*) 0x00000238c0442080, (CMBitMap*) 0x00000238c0442040
 Prev Bits: [0x00000238d43b0000, 0x00000238d5340000)
 Next Bits: [0x00000238d3420000, 0x00000238d43b0000)

Polling page: 0x00000238be420000

Metaspace:

Usage:
  Non-class:     54.90 MB capacity,    54.55 MB (>99%) used,   284.62 KB ( <1%) free+waste,    73.88 KB ( <1%) overhead. 
      Class:      7.79 MB capacity,     7.63 MB ( 98%) used,   134.98 KB (  2%) free+waste,    25.94 KB ( <1%) overhead. 
       Both:     62.69 MB capacity,    62.18 MB (>99%) used,   419.61 KB ( <1%) free+waste,    99.81 KB ( <1%) overhead. 

Virtual space:
  Non-class space:       56.00 MB reserved,      55.00 MB ( 98%) committed 
      Class space:        1.00 GB reserved,       7.87 MB ( <1%) committed 
             Both:        1.05 GB reserved,      62.87 MB (  6%) committed 

Chunk freelists:
   Non-Class:  36.00 KB
       Class:  25.00 KB
        Both:  61.00 KB

MaxMetaspaceSize: 17179869184.00 GB
CompressedClassSpaceSize: 1.00 GB

CodeHeap 'non-profiled nmethods': size=120000Kb used=3810Kb max_used=3810Kb free=116189Kb
 bounds [0x00000238cb8f0000, 0x00000238cbcb0000, 0x00000238d2e20000]
CodeHeap 'profiled nmethods': size=120000Kb used=10110Kb max_used=10110Kb free=109889Kb
 bounds [0x00000238c43c0000, 0x00000238c4da0000, 0x00000238cb8f0000]
CodeHeap 'non-nmethods': size=5760Kb used=1269Kb max_used=1325Kb free=4491Kb
 bounds [0x00000238c3e20000, 0x00000238c4090000, 0x00000238c43c0000]
 total_blobs=5224 nmethods=4674 adapters=462
 compilation: enabled
              stopped_count=0, restarted_count=0
 full_count=0

Compilation events (20 events):
Event: 115.961 Thread 0x00000238d7863300 5346   !   3       org.springframework.aop.aspectj.annotation.BeanFactoryAspectJAdvisorsBuilder::buildAspectJAdvisors (494 bytes)
Event: 115.964 Thread 0x00000238d7863300 nmethod 5346 0x00000238c4d3db90 code [0x00000238c4d3e140, 0x00000238c4d41268]
Event: 115.964 Thread 0x00000238d7863300 5347       3       org.springframework.util.ClassUtils::getShortName (8 bytes)
Event: 115.964 Thread 0x00000238d7863300 nmethod 5347 0x00000238c4d42990 code [0x00000238c4d42b60, 0x00000238c4d42e68]
Event: 115.964 Thread 0x00000238d7863300 5350       1       org.springframework.data.jpa.repository.config.JpaMetamodelMappingContextFactoryBean::getObjectType (3 bytes)
Event: 115.964 Thread 0x00000238d7863300 nmethod 5350 0x00000238cbc94890 code [0x00000238cbc94a20, 0x00000238cbc94ad8]
Event: 116.105 Thread 0x00000238d7862df0 nmethod 5325 0x00000238cbc94b90 code [0x00000238cbc954c0, 0x00000238cbc9ee80]
Event: 116.105 Thread 0x00000238d7862df0 5348   !   4       org.springframework.util.ConcurrentReferenceHashMap$Segment::clear (69 bytes)
Event: 116.111 Thread 0x00000238d7862df0 nmethod 5348 0x00000238cbca3d90 code [0x00000238cbca3f60, 0x00000238cbca4530]
Event: 116.111 Thread 0x00000238d7862df0 5349       4       org.springframework.core.ResolvableType::forType (115 bytes)
Event: 116.154 Thread 0x00000238d7863300 5351       3       sun.reflect.generics.repository.GenericDeclRepository::<init> (7 bytes)
Event: 116.154 Thread 0x00000238d7863300 nmethod 5351 0x00000238c4d43010 code [0x00000238c4d431c0, 0x00000238c4d43508]
Event: 116.241 Thread 0x00000238d7863300 5352       3       sun.reflect.generics.repository.ClassRepository::computeSuperInterfaces (62 bytes)
Event: 116.242 Thread 0x00000238d7863300 nmethod 5352 0x00000238c4d43610 code [0x00000238c4d43820, 0x00000238c4d441c8]
Event: 116.243 Thread 0x00000238d7863300 5353       3       jdk.internal.loader.URLClassPath$JarLoader::findResource (18 bytes)
Event: 116.244 Thread 0x00000238d7863300 nmethod 5353 0x00000238c4d44510 code [0x00000238c4d446c0, 0x00000238c4d448f8]
Event: 116.245 Thread 0x00000238d7863300 5354   !   3       jdk.internal.loader.BuiltinClassLoader::findResource (154 bytes)
Event: 116.247 Thread 0x00000238d7863300 nmethod 5354 0x00000238c4d44a10 code [0x00000238c4d44d60, 0x00000238c4d46188]
Event: 116.247 Thread 0x00000238d7863300 5355       3       java.util.Arrays::equals (43 bytes)
Event: 116.247 Thread 0x00000238d7863300 nmethod 5355 0x00000238c4d46990 code [0x00000238c4d46b40, 0x00000238c4d46de8]

GC Heap History (20 events):
Event: 63.992 GC heap before
{Heap before GC invocations=30 (full 0):
 garbage-first heap   total 54272K, used 42375K [0x00000000c1c00000, 0x0000000100000000)
  region size 1024K, 27 young (27648K), 3 survivors (3072K)
 Metaspace       used 42804K, capacity 43226K, committed 43388K, reserved 1087488K
  class space    used 4813K, capacity 4950K, committed 4988K, reserved 1048576K
}
Event: 63.995 GC heap after
{Heap after GC invocations=31 (full 0):
 garbage-first heap   total 54272K, used 17868K [0x00000000c1c00000, 0x0000000100000000)
  region size 1024K, 3 young (3072K), 3 survivors (3072K)
 Metaspace       used 42804K, capacity 43226K, committed 43388K, reserved 1087488K
  class space    used 4813K, capacity 4950K, committed 4988K, reserved 1048576K
}
Event: 64.056 GC heap before
{Heap before GC invocations=31 (full 0):
 garbage-first heap   total 54272K, used 42444K [0x00000000c1c00000, 0x0000000100000000)
  region size 1024K, 27 young (27648K), 3 survivors (3072K)
 Metaspace       used 42804K, capacity 43226K, committed 43388K, reserved 1087488K
  class space    used 4813K, capacity 4950K, committed 4988K, reserved 1048576K
}
Event: 64.060 GC heap after
{Heap after GC invocations=32 (full 0):
 garbage-first heap   total 54272K, used 17732K [0x00000000c1c00000, 0x0000000100000000)
  region size 1024K, 2 young (2048K), 2 survivors (2048K)
 Metaspace       used 42804K, capacity 43226K, committed 43388K, reserved 1087488K
  class space    used 4813K, capacity 4950K, committed 4988K, reserved 1048576K
}
Event: 69.135 GC heap before
{Heap before GC invocations=32 (full 0):
 garbage-first heap   total 54272K, used 44356K [0x00000000c1c00000, 0x0000000100000000)
  region size 1024K, 28 young (28672K), 2 survivors (2048K)
 Metaspace       used 44168K, capacity 44602K, committed 44924K, reserved 1089536K
  class space    used 5013K, capacity 5174K, committed 5244K, reserved 1048576K
}
Event: 69.139 GC heap after
{Heap after GC invocations=33 (full 0):
 garbage-first heap   total 54272K, used 17890K [0x00000000c1c00000, 0x0000000100000000)
  region size 1024K, 2 young (2048K), 2 survivors (2048K)
 Metaspace       used 44168K, capacity 44602K, committed 44924K, reserved 1089536K
  class space    used 5013K, capacity 5174K, committed 5244K, reserved 1048576K
}
Event: 70.926 GC heap before
{Heap before GC invocations=33 (full 0):
 garbage-first heap   total 54272K, used 44514K [0x00000000c1c00000, 0x0000000100000000)
  region size 1024K, 28 young (28672K), 2 survivors (2048K)
 Metaspace       used 45296K, capacity 45728K, committed 45820K, reserved 1089536K
  class space    used 5199K, capacity 5335K, committed 5372K, reserved 1048576K
}
Event: 70.929 GC heap after
{Heap after GC invocations=34 (full 0):
 garbage-first heap   total 54272K, used 18049K [0x00000000c1c00000, 0x0000000100000000)
  region size 1024K, 2 young (2048K), 2 survivors (2048K)
 Metaspace       used 45296K, capacity 45728K, committed 45820K, reserved 1089536K
  class space    used 5199K, capacity 5335K, committed 5372K, reserved 1048576K
}
Event: 71.850 GC heap before
{Heap before GC invocations=34 (full 0):
 garbage-first heap   total 54272K, used 44673K [0x00000000c1c00000, 0x0000000100000000)
  region size 1024K, 28 young (28672K), 2 survivors (2048K)
 Metaspace       used 46270K, capacity 46720K, committed 47100K, reserved 1091584K
  class space    used 5344K, capacity 5495K, committed 5628K, reserved 1048576K
}
Event: 71.859 GC heap after
{Heap after GC invocations=35 (full 0):
 garbage-first heap   total 54272K, used 18430K [0x00000000c1c00000, 0x0000000100000000)
  region size 1024K, 1 young (1024K), 1 survivors (1024K)
 Metaspace       used 46270K, capacity 46720K, committed 47100K, reserved 1091584K
  class space    used 5344K, capacity 5495K, committed 5628K, reserved 1048576K
}
Event: 74.847 GC heap before
{Heap before GC invocations=35 (full 0):
 garbage-first heap   total 54272K, used 46078K [0x00000000c1c00000, 0x0000000100000000)
  region size 1024K, 28 young (28672K), 1 survivors (1024K)
 Metaspace       used 47598K, capacity 48096K, committed 48252K, reserved 1091584K
  class space    used 5563K, capacity 5719K, committed 5756K, reserved 1048576K
}
Event: 74.850 GC heap after
{Heap after GC invocations=36 (full 0):
 garbage-first heap   total 54272K, used 18862K [0x00000000c1c00000, 0x0000000100000000)
  region size 1024K, 1 young (1024K), 1 survivors (1024K)
 Metaspace       used 47598K, capacity 48096K, committed 48252K, reserved 1091584K
  class space    used 5563K, capacity 5719K, committed 5756K, reserved 1048576K
}
Event: 75.508 GC heap before
{Heap before GC invocations=36 (full 0):
 garbage-first heap   total 54272K, used 45486K [0x00000000c1c00000, 0x0000000100000000)
  region size 1024K, 27 young (27648K), 1 survivors (1024K)
 Metaspace       used 48977K, capacity 49472K, committed 49788K, reserved 1093632K
  class space    used 5786K, capacity 5943K, committed 6012K, reserved 1048576K
}
Event: 75.510 GC heap after
{Heap after GC invocations=37 (full 0):
 garbage-first heap   total 54272K, used 19273K [0x00000000c1c00000, 0x0000000100000000)
  region size 1024K, 2 young (2048K), 2 survivors (2048K)
 Metaspace       used 48977K, capacity 49472K, committed 49788K, reserved 1093632K
  class space    used 5786K, capacity 5943K, committed 6012K, reserved 1048576K
}
Event: 79.022 GC heap before
{Heap before GC invocations=37 (full 0):
 garbage-first heap   total 54272K, used 42825K [0x00000000c1c00000, 0x0000000100000000)
  region size 1024K, 26 young (26624K), 2 survivors (2048K)
 Metaspace       used 51644K, capacity 52121K, committed 52476K, reserved 1095680K
  class space    used 6097K, capacity 6266K, committed 6396K, reserved 1048576K
}
Event: 79.026 GC heap after
{Heap after GC invocations=38 (full 0):
 garbage-first heap   total 54272K, used 19835K [0x00000000c1c00000, 0x0000000100000000)
  region size 1024K, 2 young (2048K), 2 survivors (2048K)
 Metaspace       used 51644K, capacity 52121K, committed 52476K, reserved 1095680K
  class space    used 6097K, capacity 6266K, committed 6396K, reserved 1048576K
}
Event: 98.025 GC heap before
{Heap before GC invocations=38 (full 0):
 garbage-first heap   total 54272K, used 43387K [0x00000000c1c00000, 0x0000000100000000)
  region size 1024K, 26 young (26624K), 2 survivors (2048K)
 Metaspace       used 55503K, capacity 55907K, committed 56188K, reserved 1099776K
  class space    used 6492K, capacity 6652K, committed 6780K, reserved 1048576K
}
Event: 98.034 GC heap after
{Heap after GC invocations=39 (full 0):
 garbage-first heap   total 54272K, used 22609K [0x00000000c1c00000, 0x0000000100000000)
  region size 1024K, 4 young (4096K), 4 survivors (4096K)
 Metaspace       used 55503K, capacity 55907K, committed 56188K, reserved 1099776K
  class space    used 6492K, capacity 6652K, committed 6780K, reserved 1048576K
}
Event: 111.182 GC heap before
{Heap before GC invocations=39 (full 0):
 garbage-first heap   total 54272K, used 42065K [0x00000000c1c00000, 0x0000000100000000)
  region size 1024K, 24 young (24576K), 4 survivors (4096K)
 Metaspace       used 59165K, capacity 59635K, committed 59772K, reserved 1101824K
  class space    used 7032K, capacity 7204K, committed 7292K, reserved 1048576K
}
Event: 111.192 GC heap after
{Heap after GC invocations=40 (full 0):
 garbage-first heap   total 54272K, used 23973K [0x00000000c1c00000, 0x0000000100000000)
  region size 1024K, 2 young (2048K), 2 survivors (2048K)
 Metaspace       used 59165K, capacity 59635K, committed 59772K, reserved 1101824K
  class space    used 7032K, capacity 7204K, committed 7292K, reserved 1048576K
}

Deoptimization events (20 events):
Event: 103.709 Thread 0x00000238d91f3660 Uncommon trap: trap_request=0xffffffde fr.pc=0x00000238cba37648 relative=0x00000000000000a8
Event: 103.709 Thread 0x00000238d91f3660 Uncommon trap: reason=class_check action=maybe_recompile pc=0x00000238cba37648 method=java.util.AbstractList$Itr.next()Ljava/lang/Object; @ 14 c2
Event: 103.709 Thread 0x00000238d91f3660 DEOPT PACKING pc=0x00000238cba37648 sp=0x000000892e7fcc90
Event: 103.709 Thread 0x00000238d91f3660 DEOPT UNPACKING pc=0x00000238c3e6e42f sp=0x000000892e7fcc18 mode 2
Event: 103.766 Thread 0x00000238d91f3660 Uncommon trap: trap_request=0xffffffde fr.pc=0x00000238cba37648 relative=0x00000000000000a8
Event: 103.766 Thread 0x00000238d91f3660 Uncommon trap: reason=class_check action=maybe_recompile pc=0x00000238cba37648 method=java.util.AbstractList$Itr.next()Ljava/lang/Object; @ 14 c2
Event: 103.766 Thread 0x00000238d91f3660 DEOPT PACKING pc=0x00000238cba37648 sp=0x000000892e7fcca0
Event: 103.766 Thread 0x00000238d91f3660 DEOPT UNPACKING pc=0x00000238c3e6e42f sp=0x000000892e7fcc28 mode 2
Event: 109.164 Thread 0x00000238d91f3660 Uncommon trap: trap_request=0xffffff45 fr.pc=0x00000238cba1407c relative=0x00000000000000dc
Event: 109.164 Thread 0x00000238d91f3660 Uncommon trap: reason=unstable_if action=reinterpret pc=0x00000238cba1407c method=org.springframework.util.ObjectUtils.nullSafeEquals(Ljava/lang/Object;Ljava/lang/Object;)Z @ 12 c2
Event: 109.164 Thread 0x00000238d91f3660 DEOPT PACKING pc=0x00000238cba1407c sp=0x000000892e7fc760
Event: 109.164 Thread 0x00000238d91f3660 DEOPT UNPACKING pc=0x00000238c3e6e42f sp=0x000000892e7fc700 mode 2
Event: 113.963 Thread 0x00000238d91f3660 Uncommon trap: trap_request=0xffffff45 fr.pc=0x00000238cb98e2b8 relative=0x0000000000000298
Event: 113.963 Thread 0x00000238d91f3660 Uncommon trap: reason=unstable_if action=reinterpret pc=0x00000238cb98e2b8 method=java.util.ArrayList.indexOfRange(Ljava/lang/Object;II)I @ 7 c2
Event: 113.963 Thread 0x00000238d91f3660 DEOPT PACKING pc=0x00000238cb98e2b8 sp=0x000000892e7fc870
Event: 113.963 Thread 0x00000238d91f3660 DEOPT UNPACKING pc=0x00000238c3e6e42f sp=0x000000892e7fc800 mode 2
Event: 116.242 Thread 0x00000238dcfe3320 Uncommon trap: trap_request=0xffffff45 fr.pc=0x00000238cb9ec0c0 relative=0x0000000000000180
Event: 116.242 Thread 0x00000238dcfe3320 Uncommon trap: reason=unstable_if action=reinterpret pc=0x00000238cb9ec0c0 method=sun.net.www.ParseUtil.firstEncodeIndex(Ljava/lang/String;)I @ 51 c2
Event: 116.242 Thread 0x00000238dcfe3320 DEOPT PACKING pc=0x00000238cb9ec0c0 sp=0x000000892cffddb0
Event: 116.242 Thread 0x00000238dcfe3320 DEOPT UNPACKING pc=0x00000238c3e6e42f sp=0x000000892cffdb80 mode 2

Classes unloaded (0 events):
No events

Classes redefined (0 events):
No events

Internal exceptions (20 events):
Event: 99.336 Thread 0x00000238d91f3660 Exception <a 'java/lang/ClassNotFoundException'{0x00000000c597c680}: java/lang/ObjectCustomizer> (0x00000000c597c680) 
thrown [./open/src/hotspot/share/classfile/systemDictionary.cpp, line 295]
Event: 99.391 Thread 0x00000238d91f3660 Exception <a 'java/lang/ClassNotFoundException'{0x00000000c59853e8}: org/springframework/web/servlet/config/annotation/WebMvcConfigurationSupportCustomizer> (0x00000000c59853e8) 
thrown [./open/src/hotspot/share/classfile/systemDictionary.cpp, line 295]
Event: 99.414 Thread 0x00000238d91f3660 Exception <a 'java/lang/ClassNotFoundException'{0x00000000c5999d50}: org/springframework/web/servlet/config/annotation/DelegatingWebMvcConfigurationCustomizer> (0x00000000c5999d50) 
thrown [./open/src/hotspot/share/classfile/systemDictionary.cpp, line 295]
Event: 99.460 Thread 0x00000238d91f3660 Exception <a 'java/lang/ClassNotFoundException'{0x00000000c59a3e78}: org/springframework/boot/autoconfigure/web/servlet/WebMvcAutoConfiguration$EnableWebMvcConfigurationCustomizer> (0x00000000c59a3e78) 
thrown [./open/src/hotspot/share/classfile/systemDictionary.cpp, line 295]
Event: 99.511 Thread 0x00000238d91f3660 Exception <a 'java/lang/ClassNotFoundException'{0x00000000c59b7050}: org/springframework/context/ResourceLoaderAwareCustomizer> (0x00000000c59b7050) 
thrown [./open/src/hotspot/share/classfile/systemDictionary.cpp, line 295]
Event: 99.519 Thread 0x00000238d91f3660 Exception <a 'java/lang/ClassNotFoundException'{0x00000000c59bcef0}: org/springframework/beans/factory/AwareCustomizer> (0x00000000c59bcef0) 
thrown [./open/src/hotspot/share/classfile/systemDictionary.cpp, line 295]
Event: 99.663 Thread 0x00000238d91f3660 Exception <a 'java/lang/ClassNotFoundException'{0x00000000c59c21b8}: org/springframework/context/ApplicationContextAwareCustomizer> (0x00000000c59c21b8) 
thrown [./open/src/hotspot/share/classfile/systemDictionary.cpp, line 295]
Event: 99.798 Thread 0x00000238d91f3660 Exception <a 'java/lang/ClassNotFoundException'{0x00000000c59c8c28}: org/springframework/beans/factory/AwareCustomizer> (0x00000000c59c8c28) 
thrown [./open/src/hotspot/share/classfile/systemDictionary.cpp, line 295]
Event: 99.955 Thread 0x00000238d91f3660 Exception <a 'java/lang/ClassNotFoundException'{0x00000000c59e9cb0}: org/springframework/web/context/ServletContextAwareCustomizer> (0x00000000c59e9cb0) 
thrown [./open/src/hotspot/share/classfile/systemDictionary.cpp, line 295]
Event: 99.957 Thread 0x00000238d91f3660 Exception <a 'java/lang/ClassNotFoundException'{0x00000000c59effa8}: org/springframework/beans/factory/AwareCustomizer> (0x00000000c59effa8) 
thrown [./open/src/hotspot/share/classfile/systemDictionary.cpp, line 295]
Event: 104.140 Thread 0x00000238d91f3660 Exception <a 'java/lang/ClassNotFoundException'{0x00000000c4557ce0}: java/lang/ObjectCustomizer> (0x00000000c4557ce0) 
thrown [./open/src/hotspot/share/classfile/systemDictionary.cpp, line 295]
Event: 104.143 Thread 0x00000238d91f3660 Exception <a 'java/lang/ClassNotFoundException'{0x00000000c45602d0}: org/springframework/security/config/annotation/web/configuration/WebSecurityConfigurationCustomizer> (0x00000000c45602d0) 
thrown [./open/src/hotspot/share/classfile/systemDictionary.cpp, line 295]
Event: 104.144 Thread 0x00000238d91f3660 Exception <a 'java/lang/ClassNotFoundException'{0x00000000c456f978}: org/springframework/context/annotation/ImportAwareCustomizer> (0x00000000c456f978) 
thrown [./open/src/hotspot/share/classfile/systemDictionary.cpp, line 295]
Event: 104.166 Thread 0x00000238d91f3660 Exception <a 'java/lang/ClassNotFoundException'{0x00000000c4574dc0}: org/springframework/beans/factory/AwareCustomizer> (0x00000000c4574dc0) 
thrown [./open/src/hotspot/share/classfile/systemDictionary.cpp, line 295]
Event: 104.280 Thread 0x00000238d91f3660 Exception <a 'java/lang/ClassNotFoundException'{0x00000000c4579658}: org/springframework/beans/factory/BeanClassLoaderAwareCustomizer> (0x00000000c4579658) 
thrown [./open/src/hotspot/share/classfile/systemDictionary.cpp, line 295]
Event: 104.280 Thread 0x00000238d91f3660 Exception <a 'java/lang/ClassNotFoundException'{0x00000000c457eab0}: org/springframework/beans/factory/AwareCustomizer> (0x00000000c457eab0) 
thrown [./open/src/hotspot/share/classfile/systemDictionary.cpp, line 295]
Event: 109.164 Thread 0x00000238d91f3660 Implicit null exception at 0x00000238cba13fce to 0x00000238cba1406a
Event: 113.963 Thread 0x00000238d91f3660 Implicit null exception at 0x00000238cb98e057 to 0x00000238cb98e29c
Event: 115.461 Thread 0x00000238d91f3660 Exception <a 'java/lang/ClassNotFoundException'{0x00000000c476b058}: java/lang/ObjectCustomizer> (0x00000000c476b058) 
thrown [./open/src/hotspot/share/classfile/systemDictionary.cpp, line 295]
Event: 115.468 Thread 0x00000238d91f3660 Exception <a 'java/lang/ClassNotFoundException'{0x00000000c4773648}: org/springframework/security/config/annotation/web/configuration/HttpSecurityConfigurationCustomizer> (0x00000000c4773648) 
thrown [./open/src/hotspot/share/classfile/systemDictionary.cpp, line 295]

Events (20 events):
Event: 115.260 loading class java/time/temporal/TemporalQueries$6
Event: 115.260 loading class java/time/temporal/TemporalQueries$6 done
Event: 115.260 loading class java/time/temporal/TemporalQueries$7
Event: 115.260 loading class java/time/temporal/TemporalQueries$7 done
Event: 115.461 loading class java/lang/ObjectCustomizer
Event: 115.461 loading class java/lang/ObjectCustomizer done
Event: 115.461 loading class java/lang/ObjectCustomizer
Event: 115.461 loading class java/lang/ObjectCustomizer done
Event: 115.957 loading class javax/xml/stream/XMLEventReader
Event: 116.011 loading class javax/xml/stream/XMLEventReader done
Event: 116.208 Executing VM operation: HandshakeAllThreads
Event: 116.208 Executing VM operation: HandshakeAllThreads done
Event: 116.245 loading class javax/xml/stream/XMLEventFactory
Event: 116.245 loading class javax/xml/stream/XMLEventFactory done
Event: 116.245 loading class javax/xml/stream/FactoryFinder
Event: 116.246 loading class javax/xml/stream/FactoryFinder done
Event: 116.247 loading class javax/xml/stream/FactoryFinder$1
Event: 116.248 loading class javax/xml/stream/FactoryFinder$1 done
Event: 116.287 loading class com/sun/xml/internal/stream/events/XMLEventFactoryImpl
Event: 116.321 loading class com/sun/xml/internal/stream/events/XMLEventFactoryImpl done


Dynamic libraries:
0x00007ff7e9c10000 - 0x00007ff7e9c1d000 	C:\Users\Stanislava1505\Downloads\spring-tool-suite-4-4.8.1.RELEASE-e4.17.0-win32.win32.x86_64.self-extracting (1)\contents\sts-4.8.1.RELEASE\plugins\org.eclipse.justj.openjdk.hotspot.jre.full.win32.x86_64_15.0.0.v20201014-1246\jre\bin\javaw.exe
0x00007ff94e970000 - 0x00007ff94eb66000 	C:\WINDOWS\SYSTEM32\ntdll.dll
0x00007ff94cb90000 - 0x00007ff94cc4d000 	C:\WINDOWS\System32\KERNEL32.DLL
0x00007ff94c260000 - 0x00007ff94c528000 	C:\WINDOWS\System32\KERNELBASE.dll
0x00007ff94c640000 - 0x00007ff94c740000 	C:\WINDOWS\System32\ucrtbase.dll
0x00007ff93de90000 - 0x00007ff93dea9000 	C:\Users\Stanislava1505\Downloads\spring-tool-suite-4-4.8.1.RELEASE-e4.17.0-win32.win32.x86_64.self-extracting (1)\contents\sts-4.8.1.RELEASE\plugins\org.eclipse.justj.openjdk.hotspot.jre.full.win32.x86_64_15.0.0.v20201014-1246\jre\bin\VCRUNTIME140.dll
0x00007ff93de70000 - 0x00007ff93de88000 	C:\Users\Stanislava1505\Downloads\spring-tool-suite-4-4.8.1.RELEASE-e4.17.0-win32.win32.x86_64.self-extracting (1)\contents\sts-4.8.1.RELEASE\plugins\org.eclipse.justj.openjdk.hotspot.jre.full.win32.x86_64_15.0.0.v20201014-1246\jre\bin\jli.dll
0x00007ff94dd10000 - 0x00007ff94deb0000 	C:\WINDOWS\System32\USER32.dll
0x00007ff94c0b0000 - 0x00007ff94c0d2000 	C:\WINDOWS\System32\win32u.dll
0x00007ff94c9d0000 - 0x00007ff94c9fa000 	C:\WINDOWS\System32\GDI32.dll
0x00007ff94ae90000 - 0x00007ff94b12b000 	C:\WINDOWS\WinSxS\amd64_microsoft.windows.common-controls_6595b64144ccf1df_6.0.19041.488_none_ca04af081b815d21\COMCTL32.dll
0x00007ff94c530000 - 0x00007ff94c639000 	C:\WINDOWS\System32\gdi32full.dll
0x00007ff94d1e0000 - 0x00007ff94d27e000 	C:\WINDOWS\System32\msvcrt.dll
0x00007ff94c110000 - 0x00007ff94c1ad000 	C:\WINDOWS\System32\msvcp_win.dll
0x00007ff94cd00000 - 0x00007ff94cd30000 	C:\WINDOWS\System32\IMM32.DLL
0x00007ff948900000 - 0x00007ff94890c000 	C:\Users\Stanislava1505\Downloads\spring-tool-suite-4-4.8.1.RELEASE-e4.17.0-win32.win32.x86_64.self-extracting (1)\contents\sts-4.8.1.RELEASE\plugins\org.eclipse.justj.openjdk.hotspot.jre.full.win32.x86_64_15.0.0.v20201014-1246\jre\bin\vcruntime140_1.dll
0x00007ff923f10000 - 0x00007ff923fa1000 	C:\Users\Stanislava1505\Downloads\spring-tool-suite-4-4.8.1.RELEASE-e4.17.0-win32.win32.x86_64.self-extracting (1)\contents\sts-4.8.1.RELEASE\plugins\org.eclipse.justj.openjdk.hotspot.jre.full.win32.x86_64_15.0.0.v20201014-1246\jre\bin\msvcp140.dll
0x00007ff906320000 - 0x00007ff906e7c000 	C:\Users\Stanislava1505\Downloads\spring-tool-suite-4-4.8.1.RELEASE-e4.17.0-win32.win32.x86_64.self-extracting (1)\contents\sts-4.8.1.RELEASE\plugins\org.eclipse.justj.openjdk.hotspot.jre.full.win32.x86_64_15.0.0.v20201014-1246\jre\bin\server\jvm.dll
0x00007ff94d770000 - 0x00007ff94d81c000 	C:\WINDOWS\System32\ADVAPI32.dll
0x00007ff94cff0000 - 0x00007ff94d08b000 	C:\WINDOWS\System32\sechost.dll
0x00007ff94ca60000 - 0x00007ff94cb84000 	C:\WINDOWS\System32\RPCRT4.dll
0x00007ff94df60000 - 0x00007ff94df68000 	C:\WINDOWS\System32\PSAPI.DLL
0x00007ff93f9d0000 - 0x00007ff93f9f7000 	C:\WINDOWS\SYSTEM32\WINMM.dll
0x00007ff943370000 - 0x00007ff94337a000 	C:\WINDOWS\SYSTEM32\VERSION.dll
0x00007ff93a340000 - 0x00007ff93a349000 	C:\WINDOWS\SYSTEM32\WSOCK32.dll
0x00007ff94d700000 - 0x00007ff94d76b000 	C:\WINDOWS\System32\WS2_32.dll
0x00007ff949a40000 - 0x00007ff949a52000 	C:\WINDOWS\SYSTEM32\kernel.appcore.dll
0x00007ff9488d0000 - 0x00007ff9488da000 	C:\Users\Stanislava1505\Downloads\spring-tool-suite-4-4.8.1.RELEASE-e4.17.0-win32.win32.x86_64.self-extracting (1)\contents\sts-4.8.1.RELEASE\plugins\org.eclipse.justj.openjdk.hotspot.jre.full.win32.x86_64_15.0.0.v20201014-1246\jre\bin\jimage.dll
0x00007ff94bbc0000 - 0x00007ff94bda4000 	C:\WINDOWS\SYSTEM32\DBGHELP.DLL
0x00007ff94b6a0000 - 0x00007ff94b6cc000 	C:\WINDOWS\SYSTEM32\dbgcore.DLL
0x00007ff94c950000 - 0x00007ff94c9cf000 	C:\WINDOWS\System32\bcryptPrimitives.dll
0x00007ff93dcb0000 - 0x00007ff93dcd5000 	C:\Users\Stanislava1505\Downloads\spring-tool-suite-4-4.8.1.RELEASE-e4.17.0-win32.win32.x86_64.self-extracting (1)\contents\sts-4.8.1.RELEASE\plugins\org.eclipse.justj.openjdk.hotspot.jre.full.win32.x86_64_15.0.0.v20201014-1246\jre\bin\java.dll
0x00007ff93dc90000 - 0x00007ff93dca8000 	C:\Users\Stanislava1505\Downloads\spring-tool-suite-4-4.8.1.RELEASE-e4.17.0-win32.win32.x86_64.self-extracting (1)\contents\sts-4.8.1.RELEASE\plugins\org.eclipse.justj.openjdk.hotspot.jre.full.win32.x86_64_15.0.0.v20201014-1246\jre\bin\zip.dll
0x00007ff94e180000 - 0x00007ff94e8c1000 	C:\WINDOWS\System32\SHELL32.dll
0x00007ff949bb0000 - 0x00007ff94a345000 	C:\WINDOWS\SYSTEM32\windows.storage.dll
0x00007ff94d820000 - 0x00007ff94db75000 	C:\WINDOWS\System32\combase.dll
0x00007ff94b880000 - 0x00007ff94b8ac000 	C:\WINDOWS\SYSTEM32\Wldp.dll
0x00007ff94deb0000 - 0x00007ff94df5e000 	C:\WINDOWS\System32\SHCORE.dll
0x00007ff94df70000 - 0x00007ff94dfc5000 	C:\WINDOWS\System32\shlwapi.dll
0x00007ff94bfe0000 - 0x00007ff94c006000 	C:\WINDOWS\SYSTEM32\profapi.dll
0x00007ff93dc70000 - 0x00007ff93dc89000 	C:\Users\Stanislava1505\Downloads\spring-tool-suite-4-4.8.1.RELEASE-e4.17.0-win32.win32.x86_64.self-extracting (1)\contents\sts-4.8.1.RELEASE\plugins\org.eclipse.justj.openjdk.hotspot.jre.full.win32.x86_64_15.0.0.v20201014-1246\jre\bin\net.dll
0x00007ff93e310000 - 0x00007ff93e410000 	C:\WINDOWS\SYSTEM32\WINHTTP.dll
0x00007ff94b490000 - 0x00007ff94b4fa000 	C:\WINDOWS\system32\mswsock.dll
0x00007ff93a600000 - 0x00007ff93a612000 	C:\Users\Stanislava1505\Downloads\spring-tool-suite-4-4.8.1.RELEASE-e4.17.0-win32.win32.x86_64.self-extracting (1)\contents\sts-4.8.1.RELEASE\plugins\org.eclipse.justj.openjdk.hotspot.jre.full.win32.x86_64_15.0.0.v20201014-1246\jre\bin\nio.dll
0x00007ff93dd40000 - 0x00007ff93dd50000 	C:\Users\Stanislava1505\Downloads\spring-tool-suite-4-4.8.1.RELEASE-e4.17.0-win32.win32.x86_64.self-extracting (1)\contents\sts-4.8.1.RELEASE\plugins\org.eclipse.justj.openjdk.hotspot.jre.full.win32.x86_64_15.0.0.v20201014-1246\jre\bin\verify.dll
0x00007ff93bf20000 - 0x00007ff93bf29000 	C:\Users\Stanislava1505\Downloads\spring-tool-suite-4-4.8.1.RELEASE-e4.17.0-win32.win32.x86_64.self-extracting (1)\contents\sts-4.8.1.RELEASE\plugins\org.eclipse.justj.openjdk.hotspot.jre.full.win32.x86_64_15.0.0.v20201014-1246\jre\bin\management.dll
0x00007ff93bb50000 - 0x00007ff93bb5b000 	C:\Users\Stanislava1505\Downloads\spring-tool-suite-4-4.8.1.RELEASE-e4.17.0-win32.win32.x86_64.self-extracting (1)\contents\sts-4.8.1.RELEASE\plugins\org.eclipse.justj.openjdk.hotspot.jre.full.win32.x86_64_15.0.0.v20201014-1246\jre\bin\management_ext.dll
0x00007ff936ce0000 - 0x00007ff936cf7000 	C:\WINDOWS\system32\napinsp.dll
0x00007ff936b20000 - 0x00007ff936b3b000 	C:\WINDOWS\system32\pnrpnsp.dll
0x00007ff9468c0000 - 0x00007ff9468d5000 	C:\WINDOWS\system32\wshbth.dll
0x00007ff947270000 - 0x00007ff94728d000 	C:\WINDOWS\system32\NLAapi.dll
0x00007ff94b160000 - 0x00007ff94b19b000 	C:\WINDOWS\SYSTEM32\IPHLPAPI.DLL
0x00007ff94b1a0000 - 0x00007ff94b26b000 	C:\WINDOWS\SYSTEM32\DNSAPI.dll
0x00007ff94d1d0000 - 0x00007ff94d1d8000 	C:\WINDOWS\System32\NSI.dll
0x00007ff936b00000 - 0x00007ff936b12000 	C:\WINDOWS\System32\winrnr.dll
0x00007ff93e720000 - 0x00007ff93e72a000 	C:\Windows\System32\rasadhlp.dll
0x00007ff93e1b0000 - 0x00007ff93e22f000 	C:\WINDOWS\System32\fwpuclnt.dll
0x00007ff94c0e0000 - 0x00007ff94c107000 	C:\WINDOWS\System32\bcrypt.dll
0x00007ff94be40000 - 0x00007ff94be58000 	C:\WINDOWS\SYSTEM32\CRYPTSP.dll
0x00007ff94ab70000 - 0x00007ff94aba4000 	C:\WINDOWS\system32\rsaenh.dll
0x00007ff94bf60000 - 0x00007ff94bf8e000 	C:\WINDOWS\SYSTEM32\USERENV.dll
0x00007ff94b660000 - 0x00007ff94b66c000 	C:\WINDOWS\SYSTEM32\CRYPTBASE.dll
0x00007ff93feb0000 - 0x00007ff93fec7000 	C:\WINDOWS\SYSTEM32\dhcpcsvc6.DLL
0x00007ff93fe90000 - 0x00007ff93fead000 	C:\WINDOWS\SYSTEM32\dhcpcsvc.DLL

dbghelp: loaded successfully - version: 4.0.5 - missing functions: none
symbol engine: initialized successfully - sym options: 0x614 - pdb path: .;C:\Users\Stanislava1505\Downloads\spring-tool-suite-4-4.8.1.RELEASE-e4.17.0-win32.win32.x86_64.self-extracting (1)\contents\sts-4.8.1.RELEASE\plugins\org.eclipse.justj.openjdk.hotspot.jre.full.win32.x86_64_15.0.0.v20201014-1246\jre\bin;C:\WINDOWS\SYSTEM32;C:\WINDOWS\WinSxS\amd64_microsoft.windows.common-controls_6595b64144ccf1df_6.0.19041.488_none_ca04af081b815d21;C:\Users\Stanislava1505\Downloads\spring-tool-suite-4-4.8.1.RELEASE-e4.17.0-win32.win32.x86_64.self-extracting (1)\contents\sts-4.8.1.RELEASE\plugins\org.eclipse.justj.openjdk.hotspot.jre.full.win32.x86_64_15.0.0.v20201014-1246\jre\bin\server

VM Arguments:
jvm_args: -Dfile.encoding=UTF-8 -XX:+ShowCodeDetailsInExceptionMessages 
java_command: com.sap.SapEcommerceProjectApplication
java_class_path (initial): C:\Users\Stanislava1505\Documents\workspace-spring-tool-suite-4-4.8.1.RELEASE\SAPEcommerceProject\target\classes;C:\Users\Stanislava1505\.m2\repository\org\springframework\boot\spring-boot-starter-jdbc\2.4.0\spring-boot-starter-jdbc-2.4.0.jar;C:\Users\Stanislava1505\.m2\repository\org\springframework\boot\spring-boot-starter\2.4.0\spring-boot-starter-2.4.0.jar;C:\Users\Stanislava1505\.m2\repository\org\springframework\boot\spring-boot-starter-logging\2.4.0\spring-boot-starter-logging-2.4.0.jar;C:\Users\Stanislava1505\.m2\repository\ch\qos\logback\logback-classic\1.2.3\logback-classic-1.2.3.jar;C:\Users\Stanislava1505\.m2\repository\ch\qos\logback\logback-core\1.2.3\logback-core-1.2.3.jar;C:\Users\Stanislava1505\.m2\repository\org\apache\logging\log4j\log4j-to-slf4j\2.13.3\log4j-to-slf4j-2.13.3.jar;C:\Users\Stanislava1505\.m2\repository\org\apache\logging\log4j\log4j-api\2.13.3\log4j-api-2.13.3.jar;C:\Users\Stanislava1505\.m2\repository\org\slf4j\jul-to-slf4j\1.7.30\jul-to-slf4j-1.7.30.jar;C:\Users\Stanislava1505\.m2\repository\jakarta\annotation\jakarta.annotation-api\1.3.5\jakarta.annotation-api-1.3.5.jar;C:\Users\Stanislava1505\.m2\repository\org\yaml\snakeyaml\1.27\snakeyaml-1.27.jar;C:\Users\Stanislava1505\.m2\repository\com\zaxxer\HikariCP\3.4.5\HikariCP-3.4.5.jar;C:\Users\Stanislava1505\.m2\repository\org\springframework\spring-jdbc\5.3.1\spring-jdbc-5.3.1.jar;C:\Users\Stanislava1505\.m2\repository\org\springframework\spring-beans\5.3.1\spring-beans-5.3.1.jar;C:\Users\Stanislava1505\.m2\repository\org\springframework\spring-tx\5.3.1\spring-tx-5.3.1.jar;C:\Users\Stanislava1505\.m2\repository\org\liquibase\liquibase-core\3.10.3\liquibase-core-3.10.3.jar;C:\Users\Stanislava1505\.m2\repository\javax\xml\bind\jaxb-api\2.3.1\jaxb-api-2.3.1.jar;C:\Users\Stanislava1505\.m2\repository\javax\activation\javax.activation-api\1.2.0\javax.activation-api-1.2.0.jar;C:\Users\Stanislava1505\.m2\repository\org\slf4j\slf4j-api\1.7.30\slf4j-api-1.7.30.
Launcher Type: SUN_STANDARD

[Global flags]
     intx CICompilerCount                          = 3                                         {product} {ergonomic}
     uint ConcGCThreads                            = 1                                         {product} {ergonomic}
     uint G1ConcRefinementThreads                  = 4                                         {product} {ergonomic}
   size_t G1HeapRegionSize                         = 1048576                                   {product} {ergonomic}
    uintx GCDrainStackTargetSize                   = 64                                        {product} {ergonomic}
   size_t InitialHeapSize                          = 67108864                                  {product} {ergonomic}
   size_t MarkStackSize                            = 4194304                                   {product} {ergonomic}
   size_t MaxHeapSize                              = 1044381696                                {product} {ergonomic}
   size_t MaxNewSize                               = 625999872                                 {product} {ergonomic}
   size_t MinHeapDeltaBytes                        = 1048576                                   {product} {ergonomic}
   size_t MinHeapSize                              = 8388608                                   {product} {ergonomic}
    uintx NonNMethodCodeHeapSize                   = 5832780                                {pd product} {ergonomic}
    uintx NonProfiledCodeHeapSize                  = 122912730                              {pd product} {ergonomic}
    uintx ProfiledCodeHeapSize                     = 122912730                              {pd product} {ergonomic}
    uintx ReservedCodeCacheSize                    = 251658240                              {pd product} {ergonomic}
     bool SegmentedCodeCache                       = true                                      {product} {ergonomic}
     bool ShowCodeDetailsInExceptionMessages       = true                                   {manageable} {command line}
   size_t SoftMaxHeapSize                          = 1044381696                             {manageable} {ergonomic}
     bool UseCompressedClassPointers               = true                                 {lp64_product} {ergonomic}
     bool UseCompressedOops                        = true                                 {lp64_product} {ergonomic}
     bool UseG1GC                                  = true                                      {product} {ergonomic}
     bool UseLargePagesIndividualAllocation        = false                                  {pd product} {ergonomic}

Logging:
Log output configuration:
 #0: stdout all=warning uptime,level,tags
 #1: stderr all=off uptime,level,tags

Environment Variables:
JAVA_HOME=C:\Program Files\Java\jdk-14.0.1
PATH=C:/Users/Stanislava1505/Downloads/sts-4.8.1.RELEASE//plugins/org.eclipse.justj.openjdk.hotspot.jre.full.win32.x86_64_15.0.0.v20201014-1246/jre/bin/server;C:/Users/Stanislava1505/Downloads/sts-4.8.1.RELEASE//plugins/org.eclipse.justj.openjdk.hotspot.jre.full.win32.x86_64_15.0.0.v20201014-1246/jre/bin;C:\Program Files (x86)\NVIDIA Corporation\PhysX\Common;C:\WINDOWS\system32;C:\WINDOWS;C:\WINDOWS\System32\Wbem;C:\WINDOWS\System32\WindowsPowerShell\v1.0\;C:\Program Files\nodejs\;E:\Git\cmd;C:\Program Files (x86)\Yarn\bin\;C:\Go\bin;C:\Windows\System32;C:\SH;C:\WINDOWS\System32\OpenSSH\;C:\Program Files (x86)\Windows Kits\8.1\Windows Performance Toolkit\;C:\Program Files\Java\jdk-14.0.1\bin;C:\Program Files\Microsoft SQL Server\Client SDK\ODBC\170\Tools\Binn\;C:\Program Files (x86)\Microsoft SQL Server\150\Tools\Binn\;C:\Program Files\Microsoft SQL Server\150\Tools\Binn\;C:\Program Files\Microsoft SQL Server\150\DTS\Binn\;C:\Users\Stanislava1505\AppData\Local\Programs\Python\Python37\Scripts\;C:\Users\Stanislava1505\AppData\Local\Programs\Python\Python37\;C:\Ruby25-x64\bin;C:\Users\Stanislava1505\AppData\Local\Microsoft\WindowsApps;C:\Users\Stanislava1505\AppData\Local\Programs\Microsoft VS Code\bin;C:\Users\Stanislava1505\AppData\Roaming\npm;E:\heroku\bin;C:\Program Files\heroku\bin;C:\Users\Stanislava1505\AppData\Local\Yarn\bin;C:\gocode\bin;C:\Program Files\Java\jdk-14.0.1\bin;C:\Users\Stanislava1505\AppData\Local\GitHubDesktop\bin;C:\Users\Stanislava1505\Downloads\sts-4.8.1.RELEASE;
USERNAME=Stanislava1505
OS=Windows_NT
PROCESSOR_IDENTIFIER=Intel64 Family 6 Model 69 Stepping 1, GenuineIntel



---------------  S Y S T E M  ---------------

OS:
 Windows 10 , 64 bit Build 19041 (10.0.19041.546)
OS uptime: 2 days 13:23 hours

CPU: total 4 (initial active 4) (2 cores per cpu, 2 threads per core) family 6 model 69 stepping 1, cmov, cx8, fxsr, mmx, sse, sse2, sse3, ssse3, sse4.1, sse4.2, popcnt, vzeroupper, avx, avx2, aes, clmul, erms, lzcnt, ht, tsc, tscinvbit, bmi1, bmi2, fma, clflush

Memory: 4k page, system-wide physical 3979M (374M free)
TotalPageFile size 7912M (AvailPageFile size 4M)
current process WorkingSet (physical memory assigned to process): 223M, peak: 240M
current process commit charge ("private bytes"): 250M, peak: 269M

vm_info: OpenJDK 64-Bit Server VM (15+36-1562) for windows-amd64 JRE (15+36-1562), built on Aug 11 2020 22:33:04 by "mach5one" with unknown MS VC++:1925

END.
