#
# There is insufficient memory for the Java Runtime Environment to continue.
# Native memory allocation (malloc) failed to allocate 130736 bytes for Chunk::new
# Possible reasons:
#   The system is out of physical RAM or swap space
#   The process is running with CompressedOops enabled, and the Java Heap may be blocking the growth of the native heap
# Possible solutions:
#   Reduce memory load on the system
#   Increase physical memory or swap space
#   Check if swap backing store is full
#   Decrease Java heap size (-Xmx/-Xms)
#   Decrease number of Java threads
#   Decrease Java thread stack sizes (-Xss)
#   Set larger code cache with -XX:ReservedCodeCacheSize=
#   JVM is running with Unscaled Compressed Oops mode in which the Java heap is
#     placed in the first 4GB address space. The Java Heap base address is the
#     maximum limit for the native heap growth. Please use -XX:HeapBaseMinAddress
#     to set the Java Heap base and to place the Java Heap above 4GB virtual address.
# This output file may be truncated or incomplete.
#
#  Out of Memory Error (./open/src/hotspot/share/memory/arena.cpp:195), pid=9860, tid=10812
#
# JRE version: OpenJDK Runtime Environment (15.0+36) (build 15+36-1562)
# Java VM: OpenJDK 64-Bit Server VM (15+36-1562, mixed mode, tiered, compressed oops, g1 gc, windows-amd64)
# No core dump will be written. Minidumps are not enabled by default on client versions of Windows
#

---------------  S U M M A R Y ------------

Command Line: -Dfile.encoding=UTF-8 -XX:+ShowCodeDetailsInExceptionMessages com.sap.SapEcommerceProjectApplication

Host: Intel(R) Core(TM) i5-4210U CPU @ 1.70GHz, 4 cores, 3G,  Windows 10 , 64 bit Build 19041 (10.0.19041.546)
Time: Wed Dec  9 13:45:00 2020 FLE Standard Time elapsed time: 178.958499 seconds (0d 0h 2m 58s)

---------------  T H R E A D  ---------------

Current thread (0x0000013f20c474b0):  JavaThread "C2 CompilerThread0" daemon [_thread_in_native, id=10812, stack(0x0000001d25f00000,0x0000001d26000000)]


Current CompileTask:
C2: 178958 6120       4       org.springframework.boot.devtools.filewatch.FileSnapshot::equals (110 bytes)

Stack: [0x0000001d25f00000,0x0000001d26000000]
Native frames: (J=compiled Java code, j=interpreted, Vv=VM code, C=native code)
V  [jvm.dll+0x629eaa]
V  [jvm.dll+0x780379]
V  [jvm.dll+0x781ad3]
V  [jvm.dll+0x782133]
V  [jvm.dll+0x2159d5]
V  [jvm.dll+0x9794a]
V  [jvm.dll+0x9802c]
V  [jvm.dll+0x27992f]
V  [jvm.dll+0x53faf4]
V  [jvm.dll+0x1f27f4]
V  [jvm.dll+0x1ec1c1]
V  [jvm.dll+0x1e8f37]
V  [jvm.dll+0x177f17]
V  [jvm.dll+0x1f88f5]
V  [jvm.dll+0x1f699c]
V  [jvm.dll+0x74384d]
V  [jvm.dll+0x73c64a]
V  [jvm.dll+0x628d16]
C  [ucrtbase.dll+0x214c2]
C  [KERNEL32.DLL+0x17034]
C  [ntdll.dll+0x4cec1]


---------------  P R O C E S S  ---------------

Threads class SMR info:
_java_thread_list=0x0000013f25c7ac70, length=30, elements={
0x0000013f2030b140, 0x0000013f2030bfd0, 0x0000013f2033c020, 0x0000013f2033cc90,
0x0000013f20c50370, 0x0000013f20c474b0, 0x0000013f20c479c0, 0x0000013f20c68340,
0x0000013f20c516b0, 0x0000013f20c51b80, 0x0000013f22101c70, 0x0000013f220ff5f0,
0x0000013f220fec50, 0x0000013f22102610, 0x0000013f22105b00, 0x0000013f22103e20,
0x0000013f22105160, 0x0000013f220ffac0, 0x0000013f22103480, 0x0000013f22102ae0,
0x0000013f220fe2b0, 0x0000013f220fe780, 0x0000013f22102140, 0x0000013f220fff90,
0x0000013f22100930, 0x0000013f22100e00, 0x0000013f22103950, 0x0000013f221012d0,
0x0000013f221017a0, 0x0000013f22105630
}

Java Threads: ( => current thread )
  0x0000013f2030b140 JavaThread "Reference Handler" daemon [_thread_blocked, id=11860, stack(0x0000001d25a00000,0x0000001d25b00000)]
  0x0000013f2030bfd0 JavaThread "Finalizer" daemon [_thread_blocked, id=4520, stack(0x0000001d25b00000,0x0000001d25c00000)]
  0x0000013f2033c020 JavaThread "Signal Dispatcher" daemon [_thread_blocked, id=6788, stack(0x0000001d25c00000,0x0000001d25d00000)]
  0x0000013f2033cc90 JavaThread "Attach Listener" daemon [_thread_blocked, id=10284, stack(0x0000001d25d00000,0x0000001d25e00000)]
  0x0000013f20c50370 JavaThread "Service Thread" daemon [_thread_blocked, id=8044, stack(0x0000001d25e00000,0x0000001d25f00000)]
=>0x0000013f20c474b0 JavaThread "C2 CompilerThread0" daemon [_thread_in_native, id=10812, stack(0x0000001d25f00000,0x0000001d26000000)]
  0x0000013f20c479c0 JavaThread "C1 CompilerThread0" daemon [_thread_blocked, id=9916, stack(0x0000001d26000000,0x0000001d26100000)]
  0x0000013f20c68340 JavaThread "Sweeper thread" daemon [_thread_blocked, id=9948, stack(0x0000001d26100000,0x0000001d26200000)]
  0x0000013f20c516b0 JavaThread "Notification Thread" daemon [_thread_blocked, id=6008, stack(0x0000001d26200000,0x0000001d26300000)]
  0x0000013f20c51b80 JavaThread "Common-Cleaner" daemon [_thread_blocked, id=11320, stack(0x0000001d26400000,0x0000001d26500000)]
  0x0000013f22101c70 JavaThread "HikariPool-1 housekeeper" daemon [_thread_blocked, id=228, stack(0x0000001d26b00000,0x0000001d26c00000)]
  0x0000013f220ff5f0 JavaThread "Catalina-utility-1" [_thread_blocked, id=736, stack(0x0000001d26d00000,0x0000001d26e00000)]
  0x0000013f220fec50 JavaThread "Catalina-utility-2" [_thread_blocked, id=2068, stack(0x0000001d26e00000,0x0000001d26f00000)]
  0x0000013f22102610 JavaThread "container-0" [_thread_blocked, id=9468, stack(0x0000001d26f00000,0x0000001d27000000)]
  0x0000013f22105b00 JavaThread "File Watcher" daemon [_thread_blocked, id=7532, stack(0x0000001d26c00000,0x0000001d26d00000)]
  0x0000013f22103e20 JavaThread "Live Reload Server" daemon [_thread_in_native, id=8016, stack(0x0000001d27200000,0x0000001d27300000)]
  0x0000013f22105160 JavaThread "http-nio-8080-BlockPoller" daemon [_thread_in_native, id=9872, stack(0x0000001d27100000,0x0000001d27200000)]
  0x0000013f220ffac0 JavaThread "http-nio-8080-exec-1" daemon [_thread_blocked, id=10228, stack(0x0000001d27300000,0x0000001d27400000)]
  0x0000013f22103480 JavaThread "http-nio-8080-exec-2" daemon [_thread_blocked, id=5844, stack(0x0000001d27400000,0x0000001d27500000)]
  0x0000013f22102ae0 JavaThread "http-nio-8080-exec-3" daemon [_thread_blocked, id=7928, stack(0x0000001d27500000,0x0000001d27600000)]
  0x0000013f220fe2b0 JavaThread "http-nio-8080-exec-4" daemon [_thread_blocked, id=5524, stack(0x0000001d27600000,0x0000001d27700000)]
  0x0000013f220fe780 JavaThread "http-nio-8080-exec-5" daemon [_thread_blocked, id=10844, stack(0x0000001d27700000,0x0000001d27800000)]
  0x0000013f22102140 JavaThread "http-nio-8080-exec-6" daemon [_thread_blocked, id=4780, stack(0x0000001d27800000,0x0000001d27900000)]
  0x0000013f220fff90 JavaThread "http-nio-8080-exec-7" daemon [_thread_blocked, id=5236, stack(0x0000001d27900000,0x0000001d27a00000)]
  0x0000013f22100930 JavaThread "http-nio-8080-exec-8" daemon [_thread_blocked, id=9204, stack(0x0000001d27a00000,0x0000001d27b00000)]
  0x0000013f22100e00 JavaThread "http-nio-8080-exec-9" daemon [_thread_blocked, id=5452, stack(0x0000001d27b00000,0x0000001d27c00000)]
  0x0000013f22103950 JavaThread "http-nio-8080-exec-10" daemon [_thread_blocked, id=10680, stack(0x0000001d27c00000,0x0000001d27d00000)]
  0x0000013f221012d0 JavaThread "http-nio-8080-ClientPoller" daemon [_thread_in_native, id=10388, stack(0x0000001d27d00000,0x0000001d27e00000)]
  0x0000013f221017a0 JavaThread "http-nio-8080-Acceptor" daemon [_thread_in_native, id=11704, stack(0x0000001d27e00000,0x0000001d27f00000)]
  0x0000013f22105630 JavaThread "DestroyJavaVM" [_thread_blocked, id=12064, stack(0x0000001d25300000,0x0000001d25400000)]

Other Threads:
  0x0000013f202d5e30 VMThread "VM Thread" [stack: 0x0000001d25900000,0x0000001d25a00000] [id=10328]
  0x0000013f20defb20 WatcherThread [stack: 0x0000001d26300000,0x0000001d26400000] [id=11200]
  0x0000013f08f117e0 GCTaskThread "GC Thread#0" [stack: 0x0000001d25400000,0x0000001d25500000] [id=7812]
  0x0000013f21010450 GCTaskThread "GC Thread#1" [stack: 0x0000001d26600000,0x0000001d26700000] [id=1744]
  0x0000013f2100e7a0 GCTaskThread "GC Thread#2" [stack: 0x0000001d26900000,0x0000001d26a00000] [id=10380]
  0x0000013f2100dae0 GCTaskThread "GC Thread#3" [stack: 0x0000001d26a00000,0x0000001d26b00000] [id=11996]
  0x0000013f08f1a730 ConcurrentGCThread "G1 Main Marker" [stack: 0x0000001d25500000,0x0000001d25600000] [id=6172]
  0x0000013f08f1bb40 ConcurrentGCThread "G1 Conc#0" [stack: 0x0000001d25600000,0x0000001d25700000] [id=10352]
  0x0000013f08f6e470 ConcurrentGCThread "G1 Refine#0" [stack: 0x0000001d25700000,0x0000001d25800000] [id=5380]
  0x0000013f2147a040 ConcurrentGCThread "G1 Refine#1" [stack: 0x0000001d26700000,0x0000001d26800000] [id=3564]
  0x0000013f08f70bb0 ConcurrentGCThread "G1 Young RemSet Sampling" [stack: 0x0000001d25800000,0x0000001d25900000] [id=7176]

Threads with active compile tasks:
C2 CompilerThread0   181129 6120       4       org.springframework.boot.devtools.filewatch.FileSnapshot::equals (110 bytes)

VM state: not at safepoint (normal execution)

VM Mutex/Monitor currently owned by a thread: None

Heap address: 0x00000000c1c00000, size: 996 MB, Compressed Oops mode: 32-bit
CDS disabled.
Compressed class space mapped at: 0x0000000100000000-0x0000000140000000, size: 1073741824
Narrow klass base: 0x0000000000000000, Narrow klass shift: 3, Narrow klass range: 0x140000000

GC Precious Log:
 CPUs: 4 total, 4 available
 Memory: 3979M
 Large Page Support: Disabled
 NUMA Support: Disabled
 Compressed Oops: Enabled (32-bit)
 Heap Region Size: 1M
 Heap Min Capacity: 8M
 Heap Initial Capacity: 64M
 Heap Max Capacity: 996M
 Pre-touch: Disabled
 Parallel Workers: 4
 Concurrent Workers: 1
 Concurrent Refinement Workers: 4
 Periodic GC: Disabled

Heap:
 garbage-first heap   total 79872K, used 54629K [0x00000000c1c00000, 0x0000000100000000)
  region size 1024K, 29 young (29696K), 3 survivors (3072K)
 Metaspace       used 77583K, capacity 78135K, committed 78208K, reserved 1118208K
  class space    used 9710K, capacity 9889K, committed 9932K, reserved 1048576K

Heap Regions: E=young(eden), S=young(survivor), O=old, HS=humongous(starts), HC=humongous(continues), CS=collection set, F=free, OA=open archive, CA=closed archive, TAMS=top-at-mark-start (previous, next)
|   0|0x00000000c1c00000, 0x00000000c1d00000, 0x00000000c1d00000|100%|HS|  |TAMS 0x00000000c1d00000, 0x00000000c1c00000| Complete 
|   1|0x00000000c1d00000, 0x00000000c1e00000, 0x00000000c1e00000|100%| O|  |TAMS 0x00000000c1e00000, 0x00000000c1d00000| Untracked 
|   2|0x00000000c1e00000, 0x00000000c1f00000, 0x00000000c1f00000|100%| O|  |TAMS 0x00000000c1f00000, 0x00000000c1e00000| Untracked 
|   3|0x00000000c1f00000, 0x00000000c2000000, 0x00000000c2000000|100%| O|  |TAMS 0x00000000c2000000, 0x00000000c1f00000| Untracked 
|   4|0x00000000c2000000, 0x00000000c2100000, 0x00000000c2100000|100%| O|  |TAMS 0x00000000c2100000, 0x00000000c2000000| Untracked 
|   5|0x00000000c2100000, 0x00000000c2200000, 0x00000000c2200000|100%| O|  |TAMS 0x00000000c2200000, 0x00000000c2100000| Untracked 
|   6|0x00000000c2200000, 0x00000000c2232200, 0x00000000c2300000| 19%| O|  |TAMS 0x00000000c2232200, 0x00000000c2200000| Untracked 
|   7|0x00000000c2300000, 0x00000000c2400000, 0x00000000c2400000|100%| O|  |TAMS 0x00000000c2400000, 0x00000000c2300000| Untracked 
|   8|0x00000000c2400000, 0x00000000c2500000, 0x00000000c2500000|100%| O|  |TAMS 0x00000000c2500000, 0x00000000c2400000| Untracked 
|   9|0x00000000c2500000, 0x00000000c2600000, 0x00000000c2600000|100%| O|  |TAMS 0x00000000c2600000, 0x00000000c2500000| Untracked 
|  10|0x00000000c2600000, 0x00000000c2700000, 0x00000000c2700000|100%| O|  |TAMS 0x00000000c2700000, 0x00000000c2600000| Untracked 
|  11|0x00000000c2700000, 0x00000000c2800000, 0x00000000c2800000|100%| O|  |TAMS 0x00000000c2800000, 0x00000000c2700000| Untracked 
|  12|0x00000000c2800000, 0x00000000c2900000, 0x00000000c2900000|100%| O|  |TAMS 0x00000000c2900000, 0x00000000c2800000| Untracked 
|  13|0x00000000c2900000, 0x00000000c2a00000, 0x00000000c2a00000|100%| O|  |TAMS 0x00000000c2a00000, 0x00000000c2900000| Untracked 
|  14|0x00000000c2a00000, 0x00000000c2b00000, 0x00000000c2b00000|100%| O|  |TAMS 0x00000000c2b00000, 0x00000000c2a00000| Untracked 
|  15|0x00000000c2b00000, 0x00000000c2c00000, 0x00000000c2c00000|100%| O|  |TAMS 0x00000000c2c00000, 0x00000000c2b00000| Untracked 
|  16|0x00000000c2c00000, 0x00000000c2d00000, 0x00000000c2d00000|100%| O|  |TAMS 0x00000000c2d00000, 0x00000000c2c00000| Untracked 
|  17|0x00000000c2d00000, 0x00000000c2e00000, 0x00000000c2e00000|100%| O|  |TAMS 0x00000000c2e00000, 0x00000000c2d00000| Untracked 
|  18|0x00000000c2e00000, 0x00000000c2f00000, 0x00000000c2f00000|100%| O|  |TAMS 0x00000000c2e63800, 0x00000000c2e00000| Untracked 
|  19|0x00000000c2f00000, 0x00000000c3000000, 0x00000000c3000000|100%| O|  |TAMS 0x00000000c2f00000, 0x00000000c2f00000| Untracked 
|  20|0x00000000c3000000, 0x00000000c3100000, 0x00000000c3100000|100%| O|  |TAMS 0x00000000c3000000, 0x00000000c3000000| Untracked 
|  21|0x00000000c3100000, 0x00000000c3200000, 0x00000000c3200000|100%| O|  |TAMS 0x00000000c3100000, 0x00000000c3100000| Untracked 
|  22|0x00000000c3200000, 0x00000000c3300000, 0x00000000c3300000|100%| O|  |TAMS 0x00000000c3200000, 0x00000000c3200000| Untracked 
|  23|0x00000000c3300000, 0x00000000c3400000, 0x00000000c3400000|100%| O|  |TAMS 0x00000000c3300000, 0x00000000c3300000| Untracked 
|  24|0x00000000c3400000, 0x00000000c34dc200, 0x00000000c3500000| 85%| O|  |TAMS 0x00000000c3400000, 0x00000000c3400000| Untracked 
|  25|0x00000000c3500000, 0x00000000c3500000, 0x00000000c3600000|  0%| F|  |TAMS 0x00000000c3500000, 0x00000000c3500000| Untracked 
|  26|0x00000000c3600000, 0x00000000c3700000, 0x00000000c3700000|100%| O|  |TAMS 0x00000000c3600000, 0x00000000c3600000| Untracked 
|  27|0x00000000c3700000, 0x00000000c3800000, 0x00000000c3800000|100%| O|  |TAMS 0x00000000c3700000, 0x00000000c3700000| Untracked 
|  28|0x00000000c3800000, 0x00000000c3800000, 0x00000000c3900000|  0%| F|  |TAMS 0x00000000c3800000, 0x00000000c3800000| Untracked 
|  29|0x00000000c3900000, 0x00000000c3900000, 0x00000000c3a00000|  0%| F|  |TAMS 0x00000000c3900000, 0x00000000c3900000| Untracked 
|  30|0x00000000c3a00000, 0x00000000c3a00000, 0x00000000c3b00000|  0%| F|  |TAMS 0x00000000c3a00000, 0x00000000c3a00000| Untracked 
|  31|0x00000000c3b00000, 0x00000000c3b00000, 0x00000000c3c00000|  0%| F|  |TAMS 0x00000000c3b00000, 0x00000000c3b00000| Untracked 
|  32|0x00000000c3c00000, 0x00000000c3c00000, 0x00000000c3d00000|  0%| F|  |TAMS 0x00000000c3c00000, 0x00000000c3c00000| Untracked 
|  33|0x00000000c3d00000, 0x00000000c3d00000, 0x00000000c3e00000|  0%| F|  |TAMS 0x00000000c3d00000, 0x00000000c3d00000| Untracked 
|  34|0x00000000c3e00000, 0x00000000c3e00000, 0x00000000c3f00000|  0%| F|  |TAMS 0x00000000c3e00000, 0x00000000c3e00000| Untracked 
|  35|0x00000000c3f00000, 0x00000000c3f00000, 0x00000000c4000000|  0%| F|  |TAMS 0x00000000c3f00000, 0x00000000c3f00000| Untracked 
|  36|0x00000000c4000000, 0x00000000c4000000, 0x00000000c4100000|  0%| F|  |TAMS 0x00000000c4000000, 0x00000000c4000000| Untracked 
|  37|0x00000000c4100000, 0x00000000c4100000, 0x00000000c4200000|  0%| F|  |TAMS 0x00000000c4100000, 0x00000000c4100000| Untracked 
|  38|0x00000000c4200000, 0x00000000c4200000, 0x00000000c4300000|  0%| F|  |TAMS 0x00000000c4200000, 0x00000000c4200000| Untracked 
|  39|0x00000000c4300000, 0x00000000c4300000, 0x00000000c4400000|  0%| F|  |TAMS 0x00000000c4300000, 0x00000000c4300000| Untracked 
|  40|0x00000000c4400000, 0x00000000c444b030, 0x00000000c4500000| 29%| S|CS|TAMS 0x00000000c4400000, 0x00000000c4400000| Complete 
|  41|0x00000000c4500000, 0x00000000c4600000, 0x00000000c4600000|100%| S|CS|TAMS 0x00000000c4500000, 0x00000000c4500000| Complete 
|  42|0x00000000c4600000, 0x00000000c4700000, 0x00000000c4700000|100%| S|CS|TAMS 0x00000000c4600000, 0x00000000c4600000| Complete 
|  43|0x00000000c4700000, 0x00000000c4700000, 0x00000000c4800000|  0%| F|  |TAMS 0x00000000c4700000, 0x00000000c4700000| Untracked 
|  44|0x00000000c4800000, 0x00000000c4800000, 0x00000000c4900000|  0%| F|  |TAMS 0x00000000c4800000, 0x00000000c4800000| Untracked 
|  45|0x00000000c4900000, 0x00000000c4900000, 0x00000000c4a00000|  0%| F|  |TAMS 0x00000000c4900000, 0x00000000c4900000| Untracked 
|  46|0x00000000c4a00000, 0x00000000c4a00000, 0x00000000c4b00000|  0%| F|  |TAMS 0x00000000c4a00000, 0x00000000c4a00000| Untracked 
|  47|0x00000000c4b00000, 0x00000000c4b00000, 0x00000000c4c00000|  0%| F|  |TAMS 0x00000000c4b00000, 0x00000000c4b00000| Untracked 
|  48|0x00000000c4c00000, 0x00000000c4c00000, 0x00000000c4d00000|  0%| F|  |TAMS 0x00000000c4c00000, 0x00000000c4c00000| Untracked 
|  49|0x00000000c4d00000, 0x00000000c4d00000, 0x00000000c4e00000|  0%| F|  |TAMS 0x00000000c4d00000, 0x00000000c4d00000| Untracked 
|  50|0x00000000c4e00000, 0x00000000c4e00000, 0x00000000c4f00000|  0%| F|  |TAMS 0x00000000c4e00000, 0x00000000c4e00000| Untracked 
|  51|0x00000000c4f00000, 0x00000000c4f00000, 0x00000000c5000000|  0%| F|  |TAMS 0x00000000c4f00000, 0x00000000c4f00000| Untracked 
|  52|0x00000000c5000000, 0x00000000c50da440, 0x00000000c5100000| 85%| E|  |TAMS 0x00000000c5000000, 0x00000000c5000000| Complete 
|  53|0x00000000c5100000, 0x00000000c5200000, 0x00000000c5200000|100%| E|CS|TAMS 0x00000000c5100000, 0x00000000c5100000| Complete 
|  54|0x00000000c5200000, 0x00000000c5300000, 0x00000000c5300000|100%| E|CS|TAMS 0x00000000c5200000, 0x00000000c5200000| Complete 
|  55|0x00000000c5300000, 0x00000000c5400000, 0x00000000c5400000|100%| E|CS|TAMS 0x00000000c5300000, 0x00000000c5300000| Complete 
|  56|0x00000000c5400000, 0x00000000c5500000, 0x00000000c5500000|100%| E|CS|TAMS 0x00000000c5400000, 0x00000000c5400000| Complete 
|  57|0x00000000c5500000, 0x00000000c5600000, 0x00000000c5600000|100%| E|CS|TAMS 0x00000000c5500000, 0x00000000c5500000| Complete 
|  58|0x00000000c5600000, 0x00000000c5700000, 0x00000000c5700000|100%| E|CS|TAMS 0x00000000c5600000, 0x00000000c5600000| Complete 
|  59|0x00000000c5700000, 0x00000000c5800000, 0x00000000c5800000|100%| E|CS|TAMS 0x00000000c5700000, 0x00000000c5700000| Complete 
|  60|0x00000000c5800000, 0x00000000c5900000, 0x00000000c5900000|100%| E|CS|TAMS 0x00000000c5800000, 0x00000000c5800000| Complete 
|  61|0x00000000c5900000, 0x00000000c5a00000, 0x00000000c5a00000|100%| E|CS|TAMS 0x00000000c5900000, 0x00000000c5900000| Complete 
|  62|0x00000000c5a00000, 0x00000000c5b00000, 0x00000000c5b00000|100%| E|CS|TAMS 0x00000000c5a00000, 0x00000000c5a00000| Complete 
|  63|0x00000000c5b00000, 0x00000000c5c00000, 0x00000000c5c00000|100%| E|CS|TAMS 0x00000000c5b00000, 0x00000000c5b00000| Complete 
|  64|0x00000000c5c00000, 0x00000000c5d00000, 0x00000000c5d00000|100%| E|CS|TAMS 0x00000000c5c00000, 0x00000000c5c00000| Complete 
|  65|0x00000000c5d00000, 0x00000000c5e00000, 0x00000000c5e00000|100%| E|CS|TAMS 0x00000000c5d00000, 0x00000000c5d00000| Complete 
|  66|0x00000000c5e00000, 0x00000000c5f00000, 0x00000000c5f00000|100%| E|CS|TAMS 0x00000000c5e00000, 0x00000000c5e00000| Complete 
|  67|0x00000000c5f00000, 0x00000000c6000000, 0x00000000c6000000|100%| E|CS|TAMS 0x00000000c5f00000, 0x00000000c5f00000| Complete 
|  68|0x00000000c6000000, 0x00000000c6100000, 0x00000000c6100000|100%| E|CS|TAMS 0x00000000c6000000, 0x00000000c6000000| Complete 
|  69|0x00000000c6100000, 0x00000000c6200000, 0x00000000c6200000|100%| E|CS|TAMS 0x00000000c6100000, 0x00000000c6100000| Complete 
|  70|0x00000000c6200000, 0x00000000c6300000, 0x00000000c6300000|100%| E|CS|TAMS 0x00000000c6200000, 0x00000000c6200000| Complete 
|  71|0x00000000c6300000, 0x00000000c6400000, 0x00000000c6400000|100%| E|CS|TAMS 0x00000000c6300000, 0x00000000c6300000| Complete 
|  72|0x00000000c6400000, 0x00000000c6500000, 0x00000000c6500000|100%| E|CS|TAMS 0x00000000c6400000, 0x00000000c6400000| Complete 
|  73|0x00000000c6500000, 0x00000000c6600000, 0x00000000c6600000|100%| E|CS|TAMS 0x00000000c6500000, 0x00000000c6500000| Complete 
|  74|0x00000000c6600000, 0x00000000c6700000, 0x00000000c6700000|100%| E|CS|TAMS 0x00000000c6600000, 0x00000000c6600000| Complete 
|  75|0x00000000c6700000, 0x00000000c6800000, 0x00000000c6800000|100%| E|CS|TAMS 0x00000000c6700000, 0x00000000c6700000| Complete 
|  76|0x00000000c6800000, 0x00000000c6900000, 0x00000000c6900000|100%| E|CS|TAMS 0x00000000c6800000, 0x00000000c6800000| Complete 
|  77|0x00000000c6900000, 0x00000000c6a00000, 0x00000000c6a00000|100%| E|CS|TAMS 0x00000000c6900000, 0x00000000c6900000| Complete 

Card table byte_map: [0x0000013f1baf0000,0x0000013f1bcf0000] _byte_map_base: 0x0000013f1b4e2000

Marking Bits (Prev, Next): (CMBitMap*) 0x0000013f08f12090, (CMBitMap*) 0x0000013f08f12050
 Prev Bits: [0x0000013f1ce80000, 0x0000013f1de10000)
 Next Bits: [0x0000013f1bef0000, 0x0000013f1ce80000)

Polling page: 0x0000013f06d50000

Metaspace:

Usage:
  Non-class:     66.65 MB capacity,    66.28 MB (>99%) used,   284.44 KB ( <1%) free+waste,    88.81 KB ( <1%) overhead. 
      Class:      9.66 MB capacity,     9.48 MB ( 98%) used,   146.94 KB (  1%) free+waste,    31.25 KB ( <1%) overhead. 
       Both:     76.30 MB capacity,    75.77 MB (>99%) used,   431.38 KB ( <1%) free+waste,   120.06 KB ( <1%) overhead. 

Virtual space:
  Non-class space:       68.00 MB reserved,      66.68 MB ( 98%) committed 
      Class space:        1.00 GB reserved,       9.70 MB ( <1%) committed 
             Both:        1.07 GB reserved,      76.38 MB (  7%) committed 

Chunk freelists:
   Non-Class:  30.00 KB
       Class:  31.00 KB
        Both:  61.00 KB

MaxMetaspaceSize: 17179869184.00 GB
CompressedClassSpaceSize: 1.00 GB

CodeHeap 'non-profiled nmethods': size=120000Kb used=3406Kb max_used=3406Kb free=116593Kb
 bounds [0x0000013f143c0000, 0x0000013f14720000, 0x0000013f1b8f0000]
CodeHeap 'profiled nmethods': size=120000Kb used=10807Kb max_used=10807Kb free=109192Kb
 bounds [0x0000013f0ce90000, 0x0000013f0d920000, 0x0000013f143c0000]
CodeHeap 'non-nmethods': size=5760Kb used=1316Kb max_used=1354Kb free=4443Kb
 bounds [0x0000013f0c8f0000, 0x0000013f0cb60000, 0x0000013f0ce90000]
 total_blobs=5929 nmethods=5320 adapters=521
 compilation: enabled
              stopped_count=0, restarted_count=0
 full_count=0

Compilation events (20 events):
Event: 151.480 Thread 0x0000013f20c479c0 nmethod 6110 0x0000013f14712f10 code [0x0000013f147130a0, 0x0000013f14713158]
Event: 153.411 Thread 0x0000013f20c479c0 6111       1       org.apache.catalina.valves.ValveBase::getNext (5 bytes)
Event: 153.411 Thread 0x0000013f20c479c0 nmethod 6111 0x0000013f14713210 code [0x0000013f147133a0, 0x0000013f14713458]
Event: 153.997 Thread 0x0000013f20c479c0 6112       3       org.springframework.boot.devtools.filewatch.FileSystemWatcher$Watcher::isDifferent (105 bytes)
Event: 153.999 Thread 0x0000013f20c479c0 nmethod 6112 0x0000013f0d91a390 code [0x0000013f0d91a620, 0x0000013f0d91b328]
Event: 153.999 Thread 0x0000013f20c479c0 6113       3       org.springframework.boot.devtools.filewatch.DirectorySnapshot::equals (46 bytes)
Event: 154.002 Thread 0x0000013f20c479c0 nmethod 6113 0x0000013f0d91b690 code [0x0000013f0d91b8a0, 0x0000013f0d91bfd8]
Event: 154.002 Thread 0x0000013f20c479c0 6114       3       java.util.Collections$UnmodifiableSet::equals (24 bytes)
Event: 154.002 Thread 0x0000013f20c479c0 nmethod 6114 0x0000013f0d91c290 code [0x0000013f0d91c440, 0x0000013f0d91c688]
Event: 154.449 Thread 0x0000013f20c479c0 6115       3       java.util.concurrent.locks.AbstractQueuedSynchronizer::enqueue (60 bytes)
Event: 154.450 Thread 0x0000013f20c479c0 nmethod 6115 0x0000013f0d91c790 code [0x0000013f0d91c980, 0x0000013f0d91ce18]
Event: 157.448 Thread 0x0000013f20c479c0 6116       3       java.util.concurrent.locks.LockSupport::parkNanos (29 bytes)
Event: 157.449 Thread 0x0000013f20c479c0 nmethod 6116 0x0000013f0d91d010 code [0x0000013f0d91d1e0, 0x0000013f0d91d3c8]
Event: 168.452 Thread 0x0000013f20c479c0 6117       3       java.util.concurrent.locks.AbstractQueuedSynchronizer::acquire (20 bytes)
Event: 168.453 Thread 0x0000013f20c479c0 nmethod 6117 0x0000013f0d91d490 code [0x0000013f0d91d640, 0x0000013f0d91d898]
Event: 173.442 Thread 0x0000013f20c479c0 6118       3       java.util.concurrent.ConcurrentHashMap$CollectionView::size (8 bytes)
Event: 173.443 Thread 0x0000013f20c479c0 nmethod 6118 0x0000013f0d91d990 code [0x0000013f0d91db40, 0x0000013f0d91dce8]
Event: 174.709 Thread 0x0000013f20c474b0 6119       4       java.util.LinkedHashMap::keySet (25 bytes)
Event: 174.713 Thread 0x0000013f20c474b0 nmethod 6119 0x0000013f14713510 code [0x0000013f147136a0, 0x0000013f14713838]
Event: 177.789 Thread 0x0000013f20c474b0 6120       4       org.springframework.boot.devtools.filewatch.FileSnapshot::equals (110 bytes)

GC Heap History (20 events):
Event: 15.286 GC heap before
{Heap before GC invocations=30 (full 0):
 garbage-first heap   total 55296K, used 44298K [0x00000000c1c00000, 0x0000000100000000)
  region size 1024K, 29 young (29696K), 3 survivors (3072K)
 Metaspace       used 43106K, capacity 43514K, committed 43724K, reserved 1087488K
  class space    used 4848K, capacity 4982K, committed 5068K, reserved 1048576K
}
Event: 15.290 GC heap after
{Heap after GC invocations=31 (full 0):
 garbage-first heap   total 55296K, used 17743K [0x00000000c1c00000, 0x0000000100000000)
  region size 1024K, 3 young (3072K), 3 survivors (3072K)
 Metaspace       used 43106K, capacity 43514K, committed 43724K, reserved 1087488K
  class space    used 4848K, capacity 4982K, committed 5068K, reserved 1048576K
}
Event: 15.598 GC heap before
{Heap before GC invocations=31 (full 0):
 garbage-first heap   total 55296K, used 44367K [0x00000000c1c00000, 0x0000000100000000)
  region size 1024K, 29 young (29696K), 3 survivors (3072K)
 Metaspace       used 44483K, capacity 44890K, committed 45260K, reserved 1089536K
  class space    used 5066K, capacity 5206K, committed 5324K, reserved 1048576K
}
Event: 15.601 GC heap after
{Heap after GC invocations=32 (full 0):
 garbage-first heap   total 55296K, used 18048K [0x00000000c1c00000, 0x0000000100000000)
  region size 1024K, 3 young (3072K), 3 survivors (3072K)
 Metaspace       used 44483K, capacity 44890K, committed 45260K, reserved 1089536K
  class space    used 5066K, capacity 5206K, committed 5324K, reserved 1048576K
}
Event: 15.972 GC heap before
{Heap before GC invocations=32 (full 0):
 garbage-first heap   total 55296K, used 44672K [0x00000000c1c00000, 0x0000000100000000)
  region size 1024K, 29 young (29696K), 3 survivors (3072K)
 Metaspace       used 45635K, capacity 46112K, committed 46412K, reserved 1089536K
  class space    used 5239K, capacity 5399K, committed 5452K, reserved 1048576K
}
Event: 15.975 GC heap after
{Heap after GC invocations=33 (full 0):
 garbage-first heap   total 55296K, used 17972K [0x00000000c1c00000, 0x0000000100000000)
  region size 1024K, 3 young (3072K), 3 survivors (3072K)
 Metaspace       used 45635K, capacity 46112K, committed 46412K, reserved 1089536K
  class space    used 5239K, capacity 5399K, committed 5452K, reserved 1048576K
}
Event: 16.244 GC heap before
{Heap before GC invocations=33 (full 0):
 garbage-first heap   total 55296K, used 42548K [0x00000000c1c00000, 0x0000000100000000)
  region size 1024K, 28 young (28672K), 3 survivors (3072K)
 Metaspace       used 46474K, capacity 46944K, committed 47052K, reserved 1091584K
  class space    used 5393K, capacity 5527K, committed 5580K, reserved 1048576K
}
Event: 16.248 GC heap after
{Heap after GC invocations=34 (full 0):
 garbage-first heap   total 66560K, used 18417K [0x00000000c1c00000, 0x0000000100000000)
  region size 1024K, 3 young (3072K), 3 survivors (3072K)
 Metaspace       used 46474K, capacity 46944K, committed 47052K, reserved 1091584K
  class space    used 5393K, capacity 5527K, committed 5580K, reserved 1048576K
}
Event: 16.703 GC heap before
{Heap before GC invocations=34 (full 0):
 garbage-first heap   total 66560K, used 54257K [0x00000000c1c00000, 0x0000000100000000)
  region size 1024K, 38 young (38912K), 3 survivors (3072K)
 Metaspace       used 48323K, capacity 48768K, committed 48844K, reserved 1091584K
  class space    used 5685K, capacity 5815K, committed 5836K, reserved 1048576K
}
Event: 16.707 GC heap after
{Heap after GC invocations=35 (full 0):
 garbage-first heap   total 66560K, used 18837K [0x00000000c1c00000, 0x0000000100000000)
  region size 1024K, 2 young (2048K), 2 survivors (2048K)
 Metaspace       used 48323K, capacity 48768K, committed 48844K, reserved 1091584K
  class space    used 5685K, capacity 5815K, committed 5836K, reserved 1048576K
}
Event: 17.334 GC heap before
{Heap before GC invocations=35 (full 0):
 garbage-first heap   total 66560K, used 55701K [0x00000000c1c00000, 0x0000000100000000)
  region size 1024K, 38 young (38912K), 2 survivors (2048K)
 Metaspace       used 51653K, capacity 52115K, committed 52428K, reserved 1095680K
  class space    used 6097K, capacity 6265K, committed 6348K, reserved 1048576K
}
Event: 17.338 GC heap after
{Heap after GC invocations=36 (full 0):
 garbage-first heap   total 66560K, used 19484K [0x00000000c1c00000, 0x0000000100000000)
  region size 1024K, 2 young (2048K), 2 survivors (2048K)
 Metaspace       used 51653K, capacity 52115K, committed 52428K, reserved 1095680K
  class space    used 6097K, capacity 6265K, committed 6348K, reserved 1048576K
}
Event: 18.801 GC heap before
{Heap before GC invocations=36 (full 0):
 garbage-first heap   total 66560K, used 56348K [0x00000000c1c00000, 0x0000000100000000)
  region size 1024K, 38 young (38912K), 2 survivors (2048K)
 Metaspace       used 57415K, capacity 57875K, committed 58188K, reserved 1099776K
  class space    used 6754K, capacity 6916K, committed 6988K, reserved 1048576K
}
Event: 18.811 GC heap after
{Heap after GC invocations=37 (full 0):
 garbage-first heap   total 66560K, used 23126K [0x00000000c1c00000, 0x0000000100000000)
  region size 1024K, 5 young (5120K), 5 survivors (5120K)
 Metaspace       used 57415K, capacity 57875K, committed 58188K, reserved 1099776K
  class space    used 6754K, capacity 6916K, committed 6988K, reserved 1048576K
}
Event: 19.413 GC heap before
{Heap before GC invocations=37 (full 0):
 garbage-first heap   total 66560K, used 33366K [0x00000000c1c00000, 0x0000000100000000)
  region size 1024K, 16 young (16384K), 5 survivors (5120K)
 Metaspace       used 59653K, capacity 60083K, committed 60288K, reserved 1101824K
  class space    used 7110K, capacity 7268K, committed 7372K, reserved 1048576K
}
Event: 19.423 GC heap after
{Heap after GC invocations=38 (full 0):
 garbage-first heap   total 79872K, used 23908K [0x00000000c1c00000, 0x0000000100000000)
  region size 1024K, 1 young (1024K), 1 survivors (1024K)
 Metaspace       used 59653K, capacity 60083K, committed 60288K, reserved 1101824K
  class space    used 7110K, capacity 7268K, committed 7372K, reserved 1048576K
}
Event: 21.533 GC heap before
{Heap before GC invocations=39 (full 0):
 garbage-first heap   total 79872K, used 62820K [0x00000000c1c00000, 0x0000000100000000)
  region size 1024K, 39 young (39936K), 1 survivors (1024K)
 Metaspace       used 66687K, capacity 67186K, committed 67584K, reserved 1107968K
  class space    used 8222K, capacity 8396K, committed 8524K, reserved 1048576K
}
Event: 21.542 GC heap after
{Heap after GC invocations=40 (full 0):
 garbage-first heap   total 79872K, used 26791K [0x00000000c1c00000, 0x0000000100000000)
  region size 1024K, 4 young (4096K), 4 survivors (4096K)
 Metaspace       used 66687K, capacity 67186K, committed 67584K, reserved 1107968K
  class space    used 8222K, capacity 8396K, committed 8524K, reserved 1048576K
}
Event: 30.757 GC heap before
{Heap before GC invocations=40 (full 0):
 garbage-first heap   total 79872K, used 61607K [0x00000000c1c00000, 0x0000000100000000)
  region size 1024K, 39 young (39936K), 4 survivors (4096K)
 Metaspace       used 74206K, capacity 74731K, committed 75008K, reserved 1114112K
  class space    used 9281K, capacity 9437K, committed 9548K, reserved 1048576K
}
Event: 30.771 GC heap after
{Heap after GC invocations=41 (full 0):
 garbage-first heap   total 79872K, used 29029K [0x00000000c1c00000, 0x0000000100000000)
  region size 1024K, 3 young (3072K), 3 survivors (3072K)
 Metaspace       used 74206K, capacity 74731K, committed 75008K, reserved 1114112K
  class space    used 9281K, capacity 9437K, committed 9548K, reserved 1048576K
}

Deoptimization events (20 events):
Event: 29.777 Thread 0x0000013f22100460 DEOPT PACKING pc=0x0000013f14584438 sp=0x0000001d270fc640
Event: 29.777 Thread 0x0000013f22100460 DEOPT UNPACKING pc=0x0000013f0c93e42f sp=0x0000001d270fc4d0 mode 2
Event: 32.329 Thread 0x0000013f20c53d30 Uncommon trap: trap_request=0xffffff54 fr.pc=0x0000013f14574620 relative=0x0000000000000620
Event: 32.329 Thread 0x0000013f20c53d30 Uncommon trap: reason=speculate_null_assert action=make_not_entrant pc=0x0000013f14574620 method=org.springframework.util.ConcurrentReferenceHashMap$Segment.restructureIfNecessary(Z)V @ 41 c2
Event: 32.329 Thread 0x0000013f20c53d30 DEOPT PACKING pc=0x0000013f14574620 sp=0x0000001d268fd340
Event: 32.329 Thread 0x0000013f20c53d30 DEOPT UNPACKING pc=0x0000013f0c93e42f sp=0x0000001d268fd188 mode 2
Event: 32.403 Thread 0x0000013f20c53d30 Uncommon trap: trap_request=0xffffff54 fr.pc=0x0000013f144bd198 relative=0x0000000000000358
Event: 32.403 Thread 0x0000013f20c53d30 Uncommon trap: reason=speculate_null_assert action=make_not_entrant pc=0x0000013f144bd198 method=org.springframework.util.ConcurrentReferenceHashMap$Segment.restructureIfNecessary(Z)V @ 41 c2
Event: 32.403 Thread 0x0000013f20c53d30 DEOPT PACKING pc=0x0000013f144bd198 sp=0x0000001d268fc1b0
Event: 32.403 Thread 0x0000013f20c53d30 DEOPT UNPACKING pc=0x0000013f0c93e42f sp=0x0000001d268fc168 mode 2
Event: 32.418 Thread 0x0000013f20c53d30 DEOPT PACKING pc=0x0000013f0cee5d33 sp=0x0000001d268fcac0
Event: 32.418 Thread 0x0000013f20c53d30 DEOPT UNPACKING pc=0x0000013f0c93e23f sp=0x0000001d268fbfd0 mode 0
Event: 32.939 Thread 0x0000013f20c53d30 Uncommon trap: trap_request=0xffffffde fr.pc=0x0000013f143e9cd8 relative=0x0000000000000538
Event: 32.939 Thread 0x0000013f20c53d30 Uncommon trap: reason=class_check action=maybe_recompile pc=0x0000013f143e9cd8 method=java.util.regex.Pattern$CharPropertyGreedy.match(Ljava/util/regex/Matcher;ILjava/lang/CharSequence;)Z @ 64 c2
Event: 32.939 Thread 0x0000013f20c53d30 DEOPT PACKING pc=0x0000013f143e9cd8 sp=0x0000001d268fbbf0
Event: 32.939 Thread 0x0000013f20c53d30 DEOPT UNPACKING pc=0x0000013f0c93e42f sp=0x0000001d268fbbb0 mode 2
Event: 33.834 Thread 0x0000013f20c53d30 Uncommon trap: trap_request=0xffffff45 fr.pc=0x0000013f146d171c relative=0x00000000000004fc
Event: 33.834 Thread 0x0000013f20c53d30 Uncommon trap: reason=unstable_if action=reinterpret pc=0x0000013f146d171c method=org.springframework.core.ResolvableType.resolveType()Lorg/springframework/core/ResolvableType; @ 37 c2
Event: 33.834 Thread 0x0000013f20c53d30 DEOPT PACKING pc=0x0000013f146d171c sp=0x0000001d268fda50
Event: 33.834 Thread 0x0000013f20c53d30 DEOPT UNPACKING pc=0x0000013f0c93e42f sp=0x0000001d268fd9a0 mode 2

Classes unloaded (0 events):
No events

Classes redefined (0 events):
No events

Internal exceptions (20 events):
Event: 22.660 Thread 0x0000013f20c53d30 Exception <a 'java/lang/ClassNotFoundException'{0x00000000c5a14858}: org/springframework/context/ApplicationEventPublisherAwareCustomizer> (0x00000000c5a14858) 
thrown [./open/src/hotspot/share/classfile/systemDictionary.cpp, line 295]
Event: 22.661 Thread 0x0000013f20c53d30 Exception <a 'java/lang/ClassNotFoundException'{0x00000000c5a1a3e8}: org/springframework/beans/factory/AwareCustomizer> (0x00000000c5a1a3e8) 
thrown [./open/src/hotspot/share/classfile/systemDictionary.cpp, line 295]
Event: 22.708 Thread 0x0000013f20c53d30 Exception <a 'java/lang/ClassNotFoundException'{0x00000000c5a44888}: java/lang/ObjectCustomizer> (0x00000000c5a44888) 
thrown [./open/src/hotspot/share/classfile/systemDictionary.cpp, line 295]
Event: 22.721 Thread 0x0000013f20c53d30 Exception <a 'java/lang/ClassNotFoundException'{0x00000000c5a4d228}: org/springframework/core/io/support/PropertiesLoaderSupportCustomizer> (0x00000000c5a4d228) 
thrown [./open/src/hotspot/share/classfile/systemDictionary.cpp, line 295]
Event: 22.723 Thread 0x0000013f20c53d30 Exception <a 'java/lang/ClassNotFoundException'{0x00000000c5a5ae18}: org/springframework/beans/factory/config/PropertiesFactoryBeanCustomizer> (0x00000000c5a5ae18) 
thrown [./open/src/hotspot/share/classfile/systemDictionary.cpp, line 295]
Event: 22.724 Thread 0x0000013f20c53d30 Exception <a 'java/lang/ClassNotFoundException'{0x00000000c5a71108}: org/springframework/beans/factory/FactoryBeanCustomizer> (0x00000000c5a71108) 
thrown [./open/src/hotspot/share/classfile/systemDictionary.cpp, line 295]
Event: 22.739 Thread 0x0000013f20c53d30 Exception <a 'java/lang/ClassNotFoundException'{0x00000000c5a78b00}: org/springframework/beans/factory/InitializingBeanCustomizer> (0x00000000c5a78b00) 
thrown [./open/src/hotspot/share/classfile/systemDictionary.cpp, line 295]
Event: 30.174 Thread 0x0000013f22100460 Exception <a 'java/lang/NoSuchMethodError'{0x00000000c4cddc50}: 'void java.lang.invoke.DirectMethodHandle$Holder.invokeInterface(java.lang.Object, java.lang.Object)'> (0x00000000c4cddc50) 
thrown [./open/src/hotspot/share/interpreter/linkResolver.cpp, line 782]
Event: 30.205 Thread 0x0000013f22100460 Exception <a 'java/lang/NoSuchMethodError'{0x00000000c4b66078}: 'java.lang.Object java.lang.invoke.DirectMethodHandle$Holder.invokeStaticInit(java.lang.Object, java.lang.Object, java.lang.Object, java.lang.Object, int, int)'> (0x00000000c4b66078) 
thrown [./open/src/hotspot/share/interpreter/linkResolver.cpp, line 782]
Event: 32.351 Thread 0x0000013f20c53d30 Exception <a 'java/lang/ClassNotFoundException'{0x00000000c633d548}: java/lang/ObjectCustomizer> (0x00000000c633d548) 
thrown [./open/src/hotspot/share/classfile/systemDictionary.cpp, line 295]
Event: 32.353 Thread 0x0000013f20c53d30 Exception <a 'java/lang/ClassNotFoundException'{0x00000000c6345c40}: com/sap/model/UserCustomizer> (0x00000000c6345c40) 
thrown [./open/src/hotspot/share/classfile/systemDictionary.cpp, line 295]
Event: 32.397 Thread 0x0000013f20c53d30 Exception <a 'java/lang/NoSuchMethodError'{0x00000000c62366d8}: 'int java.lang.invoke.DirectMethodHandle$Holder.invokeVirtual(java.lang.Object, java.lang.Object, java.lang.Object)'> (0x00000000c62366d8) 
thrown [./open/src/hotspot/share/interpreter/linkResolver.cpp, line 782]
Event: 32.415 Thread 0x0000013f20c53d30 Exception <a 'java/lang/ClassNotFoundException'{0x00000000c629e2b8}: java/lang/ObjectCustomizer> (0x00000000c629e2b8) 
thrown [./open/src/hotspot/share/classfile/systemDictionary.cpp, line 295]
Event: 32.416 Thread 0x0000013f20c53d30 Exception <a 'java/lang/ClassNotFoundException'{0x00000000c62a6c58}: com/sap/model/RoleCustomizer> (0x00000000c62a6c58) 
thrown [./open/src/hotspot/share/classfile/systemDictionary.cpp, line 295]
Event: 32.448 Thread 0x0000013f20c53d30 Exception <a 'java/lang/IncompatibleClassChangeError'{0x00000000c61a78a8}: Found class java.lang.Object, but interface was expected> (0x00000000c61a78a8) 
thrown [./open/src/hotspot/share/interpreter/linkResolver.cpp, line 848]
Event: 32.883 Thread 0x0000013f20c53d30 Exception <a 'java/lang/reflect/InvocationTargetException'{0x00000000c5b53f30}> (0x00000000c5b53f30) 
thrown [./open/src/hotspot/share/runtime/reflection.cpp, line 1157]
Event: 32.925 Thread 0x0000013f20c53d30 Exception <a 'java/lang/NoSuchMethodError'{0x00000000c5bb67b0}: 'int java.lang.invoke.DirectMethodHandle$Holder.invokeStatic(java.lang.Object, java.lang.Object, int)'> (0x00000000c5bb67b0) 
thrown [./open/src/hotspot/share/interpreter/linkResolver.cpp, line 782]
Event: 32.934 Thread 0x0000013f20c53d30 Exception <a 'java/lang/NoSuchMethodError'{0x00000000c5bd17e8}: 'java.lang.Object java.lang.invoke.DirectMethodHandle$Holder.invokeStatic(java.lang.Object, java.lang.Object, int, java.lang.Object)'> (0x00000000c5bd17e8) 
thrown [./open/src/hotspot/share/interpreter/linkResolver.cpp, line 782]
Event: 32.935 Thread 0x0000013f20c53d30 Exception <a 'java/lang/NoSuchMethodError'{0x00000000c5bd9a28}: 'java.lang.Object java.lang.invoke.DirectMethodHandle$Holder.newInvokeSpecial(java.lang.Object, java.lang.Object, int)'> (0x00000000c5bd9a28) 
thrown [./open/src/hotspot/share/interpreter/linkResolver.cpp, line 782]
Event: 32.941 Thread 0x0000013f20c53d30 Exception <a 'java/lang/IncompatibleClassChangeError'{0x00000000c5a06b60}: Found class java.lang.Object, but interface was expected> (0x00000000c5a06b60) 
thrown [./open/src/hotspot/share/interpreter/linkResolver.cpp, line 848]

Events (20 events):
Event: 32.928 loading class java/util/regex/Pattern$StartS done
Event: 33.281 loading class java/util/regex/Pattern$LookBehindEndNode
Event: 33.281 loading class java/util/regex/Pattern$LookBehindEndNode done
Event: 33.281 loading class java/util/regex/Pattern$NotBehind
Event: 33.281 loading class java/util/regex/Pattern$NotBehind done
Event: 33.282 loading class java/util/regex/Pattern$Behind
Event: 33.282 loading class java/util/regex/Pattern$Behind done
Event: 33.805 loading class jdk/internal/math/FDBigInteger
Event: 33.828 loading class jdk/internal/math/FDBigInteger done
Event: 33.838 loading class java/util/IdentityHashMap$KeyIterator
Event: 33.838 loading class java/util/IdentityHashMap$KeyIterator done
Event: 33.838 Thread 0x0000013f20c53d30 Thread exited: 0x0000013f20c53d30
Event: 33.840 Thread 0x0000013f20c52050 Thread exited: 0x0000013f20c52050
Event: 33.840 Thread 0x0000013f08ee2850 Thread exited: 0x0000013f08ee2850
Event: 33.840 Thread 0x0000013f22105630 Thread added: 0x0000013f22105630
Event: 34.840 Executing VM operation: HandshakeAllThreads
Event: 34.840 Executing VM operation: HandshakeAllThreads done
Event: 91.003 Thread 0x0000013f22100460 Thread exited: 0x0000013f22100460
Event: 91.018 Thread 0x0000013f221047c0 Thread exited: 0x0000013f221047c0
Event: 146.376 Loaded shared library C:\Users\Stanislava1505\Downloads\spring-tool-suite-4-4.8.1.RELEASE-e4.17.0-win32.win32.x86_64.self-extracting (1)\contents\sts-4.8.1.RELEASE\plugins\org.eclipse.justj.openjdk.hotspot.jre.full.win32.x86_64_15.0.0.v20201014-1246\jre\b


Dynamic libraries:
0x00007ff6afec0000 - 0x00007ff6afecd000 	C:\Users\Stanislava1505\Downloads\spring-tool-suite-4-4.8.1.RELEASE-e4.17.0-win32.win32.x86_64.self-extracting (1)\contents\sts-4.8.1.RELEASE\plugins\org.eclipse.justj.openjdk.hotspot.jre.full.win32.x86_64_15.0.0.v20201014-1246\jre\bin\javaw.exe
0x00007ff94e970000 - 0x00007ff94eb66000 	C:\WINDOWS\SYSTEM32\ntdll.dll
0x00007ff94cb90000 - 0x00007ff94cc4d000 	C:\WINDOWS\System32\KERNEL32.DLL
0x00007ff94c260000 - 0x00007ff94c528000 	C:\WINDOWS\System32\KERNELBASE.dll
0x00007ff94c640000 - 0x00007ff94c740000 	C:\WINDOWS\System32\ucrtbase.dll
0x00007ff93bb80000 - 0x00007ff93bb98000 	C:\Users\Stanislava1505\Downloads\spring-tool-suite-4-4.8.1.RELEASE-e4.17.0-win32.win32.x86_64.self-extracting (1)\contents\sts-4.8.1.RELEASE\plugins\org.eclipse.justj.openjdk.hotspot.jre.full.win32.x86_64_15.0.0.v20201014-1246\jre\bin\jli.dll
0x00007ff93dd40000 - 0x00007ff93dd59000 	C:\Users\Stanislava1505\Downloads\spring-tool-suite-4-4.8.1.RELEASE-e4.17.0-win32.win32.x86_64.self-extracting (1)\contents\sts-4.8.1.RELEASE\plugins\org.eclipse.justj.openjdk.hotspot.jre.full.win32.x86_64_15.0.0.v20201014-1246\jre\bin\VCRUNTIME140.dll
0x00007ff94dd10000 - 0x00007ff94deb0000 	C:\WINDOWS\System32\USER32.dll
0x00007ff94c0b0000 - 0x00007ff94c0d2000 	C:\WINDOWS\System32\win32u.dll
0x00007ff94ae90000 - 0x00007ff94b12b000 	C:\WINDOWS\WinSxS\amd64_microsoft.windows.common-controls_6595b64144ccf1df_6.0.19041.488_none_ca04af081b815d21\COMCTL32.dll
0x00007ff94c9d0000 - 0x00007ff94c9fa000 	C:\WINDOWS\System32\GDI32.dll
0x00007ff94d1e0000 - 0x00007ff94d27e000 	C:\WINDOWS\System32\msvcrt.dll
0x00007ff94c530000 - 0x00007ff94c639000 	C:\WINDOWS\System32\gdi32full.dll
0x00007ff94c110000 - 0x00007ff94c1ad000 	C:\WINDOWS\System32\msvcp_win.dll
0x00007ff94cd00000 - 0x00007ff94cd30000 	C:\WINDOWS\System32\IMM32.DLL
0x00007ff948900000 - 0x00007ff94890c000 	C:\Users\Stanislava1505\Downloads\spring-tool-suite-4-4.8.1.RELEASE-e4.17.0-win32.win32.x86_64.self-extracting (1)\contents\sts-4.8.1.RELEASE\plugins\org.eclipse.justj.openjdk.hotspot.jre.full.win32.x86_64_15.0.0.v20201014-1246\jre\bin\vcruntime140_1.dll
0x00007ff923f10000 - 0x00007ff923fa1000 	C:\Users\Stanislava1505\Downloads\spring-tool-suite-4-4.8.1.RELEASE-e4.17.0-win32.win32.x86_64.self-extracting (1)\contents\sts-4.8.1.RELEASE\plugins\org.eclipse.justj.openjdk.hotspot.jre.full.win32.x86_64_15.0.0.v20201014-1246\jre\bin\msvcp140.dll
0x00007ff902840000 - 0x00007ff90339c000 	C:\Users\Stanislava1505\Downloads\spring-tool-suite-4-4.8.1.RELEASE-e4.17.0-win32.win32.x86_64.self-extracting (1)\contents\sts-4.8.1.RELEASE\plugins\org.eclipse.justj.openjdk.hotspot.jre.full.win32.x86_64_15.0.0.v20201014-1246\jre\bin\server\jvm.dll
0x00007ff94d770000 - 0x00007ff94d81c000 	C:\WINDOWS\System32\ADVAPI32.dll
0x00007ff94cff0000 - 0x00007ff94d08b000 	C:\WINDOWS\System32\sechost.dll
0x00007ff94ca60000 - 0x00007ff94cb84000 	C:\WINDOWS\System32\RPCRT4.dll
0x00007ff94df60000 - 0x00007ff94df68000 	C:\WINDOWS\System32\PSAPI.DLL
0x00007ff93a340000 - 0x00007ff93a349000 	C:\WINDOWS\SYSTEM32\WSOCK32.dll
0x00007ff93f9d0000 - 0x00007ff93f9f7000 	C:\WINDOWS\SYSTEM32\WINMM.dll
0x00007ff94d700000 - 0x00007ff94d76b000 	C:\WINDOWS\System32\WS2_32.dll
0x00007ff943370000 - 0x00007ff94337a000 	C:\WINDOWS\SYSTEM32\VERSION.dll
0x00007ff949a40000 - 0x00007ff949a52000 	C:\WINDOWS\SYSTEM32\kernel.appcore.dll
0x00007ff9488d0000 - 0x00007ff9488da000 	C:\Users\Stanislava1505\Downloads\spring-tool-suite-4-4.8.1.RELEASE-e4.17.0-win32.win32.x86_64.self-extracting (1)\contents\sts-4.8.1.RELEASE\plugins\org.eclipse.justj.openjdk.hotspot.jre.full.win32.x86_64_15.0.0.v20201014-1246\jre\bin\jimage.dll
0x00007ff94bbc0000 - 0x00007ff94bda4000 	C:\WINDOWS\SYSTEM32\DBGHELP.DLL
0x00007ff94b6a0000 - 0x00007ff94b6cc000 	C:\WINDOWS\SYSTEM32\dbgcore.DLL
0x00007ff94c950000 - 0x00007ff94c9cf000 	C:\WINDOWS\System32\bcryptPrimitives.dll
0x00007ff93a490000 - 0x00007ff93a4b5000 	C:\Users\Stanislava1505\Downloads\spring-tool-suite-4-4.8.1.RELEASE-e4.17.0-win32.win32.x86_64.self-extracting (1)\contents\sts-4.8.1.RELEASE\plugins\org.eclipse.justj.openjdk.hotspot.jre.full.win32.x86_64_15.0.0.v20201014-1246\jre\bin\java.dll
0x00007ff93a470000 - 0x00007ff93a488000 	C:\Users\Stanislava1505\Downloads\spring-tool-suite-4-4.8.1.RELEASE-e4.17.0-win32.win32.x86_64.self-extracting (1)\contents\sts-4.8.1.RELEASE\plugins\org.eclipse.justj.openjdk.hotspot.jre.full.win32.x86_64_15.0.0.v20201014-1246\jre\bin\zip.dll
0x00007ff94e180000 - 0x00007ff94e8c1000 	C:\WINDOWS\System32\SHELL32.dll
0x00007ff949bb0000 - 0x00007ff94a345000 	C:\WINDOWS\SYSTEM32\windows.storage.dll
0x00007ff94d820000 - 0x00007ff94db75000 	C:\WINDOWS\System32\combase.dll
0x00007ff94b880000 - 0x00007ff94b8ac000 	C:\WINDOWS\SYSTEM32\Wldp.dll
0x00007ff94deb0000 - 0x00007ff94df5e000 	C:\WINDOWS\System32\SHCORE.dll
0x00007ff94df70000 - 0x00007ff94dfc5000 	C:\WINDOWS\System32\shlwapi.dll
0x00007ff94bfe0000 - 0x00007ff94c006000 	C:\WINDOWS\SYSTEM32\profapi.dll
0x00007ff939910000 - 0x00007ff939929000 	C:\Users\Stanislava1505\Downloads\spring-tool-suite-4-4.8.1.RELEASE-e4.17.0-win32.win32.x86_64.self-extracting (1)\contents\sts-4.8.1.RELEASE\plugins\org.eclipse.justj.openjdk.hotspot.jre.full.win32.x86_64_15.0.0.v20201014-1246\jre\bin\net.dll
0x00007ff93e310000 - 0x00007ff93e410000 	C:\WINDOWS\SYSTEM32\WINHTTP.dll
0x00007ff94b490000 - 0x00007ff94b4fa000 	C:\WINDOWS\system32\mswsock.dll
0x00007ff9398f0000 - 0x00007ff939902000 	C:\Users\Stanislava1505\Downloads\spring-tool-suite-4-4.8.1.RELEASE-e4.17.0-win32.win32.x86_64.self-extracting (1)\contents\sts-4.8.1.RELEASE\plugins\org.eclipse.justj.openjdk.hotspot.jre.full.win32.x86_64_15.0.0.v20201014-1246\jre\bin\nio.dll
0x00007ff93dc70000 - 0x00007ff93dc80000 	C:\Users\Stanislava1505\Downloads\spring-tool-suite-4-4.8.1.RELEASE-e4.17.0-win32.win32.x86_64.self-extracting (1)\contents\sts-4.8.1.RELEASE\plugins\org.eclipse.justj.openjdk.hotspot.jre.full.win32.x86_64_15.0.0.v20201014-1246\jre\bin\verify.dll
0x00007ff93bf20000 - 0x00007ff93bf29000 	C:\Users\Stanislava1505\Downloads\spring-tool-suite-4-4.8.1.RELEASE-e4.17.0-win32.win32.x86_64.self-extracting (1)\contents\sts-4.8.1.RELEASE\plugins\org.eclipse.justj.openjdk.hotspot.jre.full.win32.x86_64_15.0.0.v20201014-1246\jre\bin\management.dll
0x00007ff93bb50000 - 0x00007ff93bb5b000 	C:\Users\Stanislava1505\Downloads\spring-tool-suite-4-4.8.1.RELEASE-e4.17.0-win32.win32.x86_64.self-extracting (1)\contents\sts-4.8.1.RELEASE\plugins\org.eclipse.justj.openjdk.hotspot.jre.full.win32.x86_64_15.0.0.v20201014-1246\jre\bin\management_ext.dll
0x00007ff936ce0000 - 0x00007ff936cf7000 	C:\WINDOWS\system32\napinsp.dll
0x00007ff936b20000 - 0x00007ff936b3b000 	C:\WINDOWS\system32\pnrpnsp.dll
0x00007ff9468c0000 - 0x00007ff9468d5000 	C:\WINDOWS\system32\wshbth.dll
0x00007ff947270000 - 0x00007ff94728d000 	C:\WINDOWS\system32\NLAapi.dll
0x00007ff94b160000 - 0x00007ff94b19b000 	C:\WINDOWS\SYSTEM32\IPHLPAPI.DLL
0x00007ff94b1a0000 - 0x00007ff94b26b000 	C:\WINDOWS\SYSTEM32\DNSAPI.dll
0x00007ff94d1d0000 - 0x00007ff94d1d8000 	C:\WINDOWS\System32\NSI.dll
0x00007ff936b00000 - 0x00007ff936b12000 	C:\WINDOWS\System32\winrnr.dll
0x00007ff93e720000 - 0x00007ff93e72a000 	C:\Windows\System32\rasadhlp.dll
0x00007ff93e1b0000 - 0x00007ff93e22f000 	C:\WINDOWS\System32\fwpuclnt.dll
0x00007ff94c0e0000 - 0x00007ff94c107000 	C:\WINDOWS\System32\bcrypt.dll
0x00007ff94be40000 - 0x00007ff94be58000 	C:\WINDOWS\SYSTEM32\CRYPTSP.dll
0x00007ff94ab70000 - 0x00007ff94aba4000 	C:\WINDOWS\system32\rsaenh.dll
0x00007ff94bf60000 - 0x00007ff94bf8e000 	C:\WINDOWS\SYSTEM32\USERENV.dll
0x00007ff94b660000 - 0x00007ff94b66c000 	C:\WINDOWS\SYSTEM32\CRYPTBASE.dll
0x00007ff93feb0000 - 0x00007ff93fec7000 	C:\WINDOWS\SYSTEM32\dhcpcsvc6.DLL
0x00007ff93fe90000 - 0x00007ff93fead000 	C:\WINDOWS\SYSTEM32\dhcpcsvc.DLL

dbghelp: loaded successfully - version: 4.0.5 - missing functions: none
symbol engine: initialized successfully - sym options: 0x614 - pdb path: .;C:\Users\Stanislava1505\Downloads\spring-tool-suite-4-4.8.1.RELEASE-e4.17.0-win32.win32.x86_64.self-extracting (1)\contents\sts-4.8.1.RELEASE\plugins\org.eclipse.justj.openjdk.hotspot.jre.full.win32.x86_64_15.0.0.v20201014-1246\jre\bin;C:\WINDOWS\SYSTEM32;C:\WINDOWS\WinSxS\amd64_microsoft.windows.common-controls_6595b64144ccf1df_6.0.19041.488_none_ca04af081b815d21;C:\Users\Stanislava1505\Downloads\spring-tool-suite-4-4.8.1.RELEASE-e4.17.0-win32.win32.x86_64.self-extracting (1)\contents\sts-4.8.1.RELEASE\plugins\org.eclipse.justj.openjdk.hotspot.jre.full.win32.x86_64_15.0.0.v20201014-1246\jre\bin\server

VM Arguments:
jvm_args: -Dfile.encoding=UTF-8 -XX:+ShowCodeDetailsInExceptionMessages 
java_command: com.sap.SapEcommerceProjectApplication
java_class_path (initial): C:\Users\Stanislava1505\Documents\workspace-spring-tool-suite-4-4.8.1.RELEASE\SAPEcommerceProject\target\classes;C:\Users\Stanislava1505\.m2\repository\org\springframework\boot\spring-boot-starter-jdbc\2.4.0\spring-boot-starter-jdbc-2.4.0.jar;C:\Users\Stanislava1505\.m2\repository\org\springframework\boot\spring-boot-starter\2.4.0\spring-boot-starter-2.4.0.jar;C:\Users\Stanislava1505\.m2\repository\org\springframework\boot\spring-boot-starter-logging\2.4.0\spring-boot-starter-logging-2.4.0.jar;C:\Users\Stanislava1505\.m2\repository\ch\qos\logback\logback-classic\1.2.3\logback-classic-1.2.3.jar;C:\Users\Stanislava1505\.m2\repository\ch\qos\logback\logback-core\1.2.3\logback-core-1.2.3.jar;C:\Users\Stanislava1505\.m2\repository\org\apache\logging\log4j\log4j-to-slf4j\2.13.3\log4j-to-slf4j-2.13.3.jar;C:\Users\Stanislava1505\.m2\repository\org\apache\logging\log4j\log4j-api\2.13.3\log4j-api-2.13.3.jar;C:\Users\Stanislava1505\.m2\repository\org\slf4j\jul-to-slf4j\1.7.30\jul-to-slf4j-1.7.30.jar;C:\Users\Stanislava1505\.m2\repository\jakarta\annotation\jakarta.annotation-api\1.3.5\jakarta.annotation-api-1.3.5.jar;C:\Users\Stanislava1505\.m2\repository\org\yaml\snakeyaml\1.27\snakeyaml-1.27.jar;C:\Users\Stanislava1505\.m2\repository\com\zaxxer\HikariCP\3.4.5\HikariCP-3.4.5.jar;C:\Users\Stanislava1505\.m2\repository\org\springframework\spring-jdbc\5.3.1\spring-jdbc-5.3.1.jar;C:\Users\Stanislava1505\.m2\repository\org\springframework\spring-beans\5.3.1\spring-beans-5.3.1.jar;C:\Users\Stanislava1505\.m2\repository\org\springframework\spring-tx\5.3.1\spring-tx-5.3.1.jar;C:\Users\Stanislava1505\.m2\repository\org\liquibase\liquibase-core\3.10.3\liquibase-core-3.10.3.jar;C:\Users\Stanislava1505\.m2\repository\javax\xml\bind\jaxb-api\2.3.1\jaxb-api-2.3.1.jar;C:\Users\Stanislava1505\.m2\repository\javax\activation\javax.activation-api\1.2.0\javax.activation-api-1.2.0.jar;C:\Users\Stanislava1505\.m2\repository\org\slf4j\slf4j-api\1.7.30\slf4j-api-1.7.30.
Launcher Type: SUN_STANDARD

[Global flags]
     intx CICompilerCount                          = 3                                         {product} {ergonomic}
     uint ConcGCThreads                            = 1                                         {product} {ergonomic}
     uint G1ConcRefinementThreads                  = 4                                         {product} {ergonomic}
   size_t G1HeapRegionSize                         = 1048576                                   {product} {ergonomic}
    uintx GCDrainStackTargetSize                   = 64                                        {product} {ergonomic}
   size_t InitialHeapSize                          = 67108864                                  {product} {ergonomic}
   size_t MarkStackSize                            = 4194304                                   {product} {ergonomic}
   size_t MaxHeapSize                              = 1044381696                                {product} {ergonomic}
   size_t MaxNewSize                               = 625999872                                 {product} {ergonomic}
   size_t MinHeapDeltaBytes                        = 1048576                                   {product} {ergonomic}
   size_t MinHeapSize                              = 8388608                                   {product} {ergonomic}
    uintx NonNMethodCodeHeapSize                   = 5832780                                {pd product} {ergonomic}
    uintx NonProfiledCodeHeapSize                  = 122912730                              {pd product} {ergonomic}
    uintx ProfiledCodeHeapSize                     = 122912730                              {pd product} {ergonomic}
    uintx ReservedCodeCacheSize                    = 251658240                              {pd product} {ergonomic}
     bool SegmentedCodeCache                       = true                                      {product} {ergonomic}
     bool ShowCodeDetailsInExceptionMessages       = true                                   {manageable} {command line}
   size_t SoftMaxHeapSize                          = 1044381696                             {manageable} {ergonomic}
     bool UseCompressedClassPointers               = true                                 {lp64_product} {ergonomic}
     bool UseCompressedOops                        = true                                 {lp64_product} {ergonomic}
     bool UseG1GC                                  = true                                      {product} {ergonomic}
     bool UseLargePagesIndividualAllocation        = false                                  {pd product} {ergonomic}

Logging:
Log output configuration:
 #0: stdout all=warning uptime,level,tags
 #1: stderr all=off uptime,level,tags

Environment Variables:
JAVA_HOME=C:\Program Files\Java\jdk-14.0.1
PATH=C:/Users/Stanislava1505/Downloads/sts-4.8.1.RELEASE//plugins/org.eclipse.justj.openjdk.hotspot.jre.full.win32.x86_64_15.0.0.v20201014-1246/jre/bin/server;C:/Users/Stanislava1505/Downloads/sts-4.8.1.RELEASE//plugins/org.eclipse.justj.openjdk.hotspot.jre.full.win32.x86_64_15.0.0.v20201014-1246/jre/bin;C:\Program Files (x86)\NVIDIA Corporation\PhysX\Common;C:\WINDOWS\system32;C:\WINDOWS;C:\WINDOWS\System32\Wbem;C:\WINDOWS\System32\WindowsPowerShell\v1.0\;C:\Program Files\nodejs\;E:\Git\cmd;C:\Program Files (x86)\Yarn\bin\;C:\Go\bin;C:\Windows\System32;C:\SH;C:\WINDOWS\System32\OpenSSH\;C:\Program Files (x86)\Windows Kits\8.1\Windows Performance Toolkit\;C:\Program Files\Java\jdk-14.0.1\bin;C:\Program Files\Microsoft SQL Server\Client SDK\ODBC\170\Tools\Binn\;C:\Program Files (x86)\Microsoft SQL Server\150\Tools\Binn\;C:\Program Files\Microsoft SQL Server\150\Tools\Binn\;C:\Program Files\Microsoft SQL Server\150\DTS\Binn\;C:\Users\Stanislava1505\AppData\Local\Programs\Python\Python37\Scripts\;C:\Users\Stanislava1505\AppData\Local\Programs\Python\Python37\;C:\Ruby25-x64\bin;C:\Users\Stanislava1505\AppData\Local\Microsoft\WindowsApps;C:\Users\Stanislava1505\AppData\Local\Programs\Microsoft VS Code\bin;C:\Users\Stanislava1505\AppData\Roaming\npm;E:\heroku\bin;C:\Program Files\heroku\bin;C:\Users\Stanislava1505\AppData\Local\Yarn\bin;C:\gocode\bin;C:\Program Files\Java\jdk-14.0.1\bin;C:\Users\Stanislava1505\AppData\Local\GitHubDesktop\bin;C:\Users\Stanislava1505\Downloads\sts-4.8.1.RELEASE;
USERNAME=Stanislava1505
OS=Windows_NT
PROCESSOR_IDENTIFIER=Intel64 Family 6 Model 69 Stepping 1, GenuineIntel



---------------  S Y S T E M  ---------------

OS:
 Windows 10 , 64 bit Build 19041 (10.0.19041.546)
OS uptime: 2 days 13:52 hours

CPU: total 4 (initial active 4) (2 cores per cpu, 2 threads per core) family 6 model 69 stepping 1, cmov, cx8, fxsr, mmx, sse, sse2, sse3, ssse3, sse4.1, sse4.2, popcnt, vzeroupper, avx, avx2, aes, clmul, erms, lzcnt, ht, tsc, tscinvbit, bmi1, bmi2, fma, clflush

Memory: 4k page, system-wide physical 3979M (304M free)
TotalPageFile size 7912M (AvailPageFile size 7M)
current process WorkingSet (physical memory assigned to process): 240M, peak: 260M
current process commit charge ("private bytes"): 267M, peak: 286M

vm_info: OpenJDK 64-Bit Server VM (15+36-1562) for windows-amd64 JRE (15+36-1562), built on Aug 11 2020 22:33:04 by "mach5one" with unknown MS VC++:1925

END.
